This file contains any messages produced by compilers while
running configure, to aid debugging if configure makes a mistake.

It was created by newlib configure 2.5.0, which was
generated by GNU Autoconf 2.68.  Invocation command line was

  $ ../../../../../../../../../.././newlib/libc/sys/arm/configure --disable-option-checking --prefix=/usr/local --with-multisubdir=thumb/armv7-ar/fpu/vfpv3-d16/be --with-multisrctop= --with-newlib --enable-multilib --with-cross-host=x86_64-pc-linux-gnu --disable-newlib-supplied-syscalls --program-transform-name=s&^&arm-none-eabi-& --with-target-subdir=arm-none-eabi --build=x86_64-pc-linux-gnu --host=arm-none-eabi --target=arm-none-eabi build_alias=x86_64-pc-linux-gnu host_alias=arm-none-eabi target_alias=arm-none-eabi CC=arm-none-eabi-gcc -B/home/vkottler/Documents/newlib-cygwin/arm-none-eabi/newlib/ -isystem /home/vkottler/Documents/newlib-cygwin/arm-none-eabi/newlib/targ-include -isystem /home/vkottler/Documents/newlib-cygwin/newlib/libc/include -B/home/vkottler/Documents/newlib-cygwin/arm-none-eabi/libgloss/arm -L/home/vkottler/Documents/newlib-cygwin/arm-none-eabi/libgloss/libnosys -L/home/vkottler/Documents/newlib-cygwin/libgloss/arm    CFLAGS=-g -O2 LDFLAGS= CPPFLAGS= CC=arm-none-eabi-gcc -B/home/vkottler/Documents/newlib-cygwin/arm-none-eabi/thumb/armv7-ar/fpu/vfpv3-d16/be/newlib/ -isystem /home/vkottler/Documents/newlib-cygwin/arm-none-eabi/thumb/armv7-ar/fpu/vfpv3-d16/be/newlib/targ-include -isystem /home/vkottler/Documents/newlib-cygwin/newlib/libc/include -B/home/vkottler/Documents/newlib-cygwin/arm-none-eabi/thumb/armv7-ar/fpu/vfpv3-d16/be/libgloss/arm -L/home/vkottler/Documents/newlib-cygwin/arm-none-eabi/thumb/armv7-ar/fpu/vfpv3-d16/be/libgloss/libnosys -L/home/vkottler/Documents/newlib-cygwin/libgloss/arm  -mthumb -march=armv7 -mfloat-abi=hard -mfpu=vfpv3-d16 -mbig-endian CXX=arm-none-eabi-c++ -B/home/vkottler/Documents/newlib-cygwin/arm-none-eabi/thumb/armv7-ar/fpu/vfpv3-d16/be/newlib/ -isystem /home/vkottler/Documents/newlib-cygwin/arm-none-eabi/thumb/armv7-ar/fpu/vfpv3-d16/be/newlib/targ-include -isystem /home/vkottler/Documents/newlib-cygwin/newlib/libc/include -B/home/vkottler/Documents/newlib-cygwin/arm-none-eabi/thumb/armv7-ar/fpu/vfpv3-d16/be/libgloss/arm -L/home/vkottler/Documents/newlib-cygwin/arm-none-eabi/thumb/armv7-ar/fpu/vfpv3-d16/be/libgloss/libnosys -L/home/vkottler/Documents/newlib-cygwin/libgloss/arm  -mthumb -march=armv7 -mfloat-abi=hard -mfpu=vfpv3-d16 -mbig-endian F77= -mthumb -march=armv7 -mfloat-abi=hard -mfpu=vfpv3-d16 -mbig-endian GCJ=arm-none-eabi-gcj -B/home/vkottler/Documents/newlib-cygwin/arm-none-eabi/thumb/armv7-ar/fpu/vfpv3-d16/be/newlib/ -isystem /home/vkottler/Documents/newlib-cygwin/arm-none-eabi/thumb/armv7-ar/fpu/vfpv3-d16/be/newlib/targ-include -isystem /home/vkottler/Documents/newlib-cygwin/newlib/libc/include -B/home/vkottler/Documents/newlib-cygwin/arm-none-eabi/thumb/armv7-ar/fpu/vfpv3-d16/be/libgloss/arm -L/home/vkottler/Documents/newlib-cygwin/arm-none-eabi/thumb/armv7-ar/fpu/vfpv3-d16/be/libgloss/libnosys -L/home/vkottler/Documents/newlib-cygwin/libgloss/arm  -mthumb -march=armv7 -mfloat-abi=hard -mfpu=vfpv3-d16 -mbig-endian GFORTRAN=arm-none-eabi-gfortran -B/home/vkottler/Documents/newlib-cygwin/arm-none-eabi/thumb/armv7-ar/fpu/vfpv3-d16/be/newlib/ -isystem /home/vkottler/Documents/newlib-cygwin/arm-none-eabi/thumb/armv7-ar/fpu/vfpv3-d16/be/newlib/targ-include -isystem /home/vkottler/Documents/newlib-cygwin/newlib/libc/include -B/home/vkottler/Documents/newlib-cygwin/arm-none-eabi/thumb/armv7-ar/fpu/vfpv3-d16/be/libgloss/arm -L/home/vkottler/Documents/newlib-cygwin/arm-none-eabi/thumb/armv7-ar/fpu/vfpv3-d16/be/libgloss/libnosys -L/home/vkottler/Documents/newlib-cygwin/libgloss/arm  -mthumb -march=armv7 -mfloat-abi=hard -mfpu=vfpv3-d16 -mbig-endian GOC=arm-none-eabi-gccgo -B/home/vkottler/Documents/newlib-cygwin/arm-none-eabi/thumb/armv7-ar/fpu/vfpv3-d16/be/newlib/ -isystem /home/vkottler/Documents/newlib-cygwin/arm-none-eabi/thumb/armv7-ar/fpu/vfpv3-d16/be/newlib/targ-include -isystem /home/vkottler/Documents/newlib-cygwin/newlib/libc/include -B/home/vkottler/Documents/newlib-cygwin/arm-none-eabi/thumb/armv7-ar/fpu/vfpv3-d16/be/libgloss/arm -L/home/vkottler/Documents/newlib-cygwin/arm-none-eabi/thumb/armv7-ar/fpu/vfpv3-d16/be/libgloss/libnosys -L/home/vkottler/Documents/newlib-cygwin/libgloss/arm  -mthumb -march=armv7 -mfloat-abi=hard -mfpu=vfpv3-d16 -mbig-endian LD_LIBRARY_PATH= --cache-file=../../.././config.cache --srcdir=../../../../../../../../../.././newlib/libc/sys/arm

## --------- ##
## Platform. ##
## --------- ##

hostname = vaughn-desktop
uname -m = x86_64
uname -r = 4.4.0-78-generic
uname -s = Linux
uname -v = #99-Ubuntu SMP Thu Apr 27 15:29:09 UTC 2017

/usr/bin/uname -p = unknown
/bin/uname -X     = unknown

/bin/arch              = unknown
/usr/bin/arch -k       = unknown
/usr/convex/getsysinfo = unknown
/usr/bin/hostinfo      = unknown
/bin/machine           = unknown
/usr/bin/oslevel       = unknown
/bin/universe          = unknown

PATH: /home/vkottler/bin
PATH: /home/vkottler/.local/bin
PATH: /usr/local/sbin
PATH: /usr/local/bin
PATH: /usr/sbin
PATH: /usr/bin
PATH: /sbin
PATH: /bin
PATH: /usr/games
PATH: /usr/local/games
PATH: /snap/bin
PATH: /home/vkottler/bin/jlink


## ----------- ##
## Core tests. ##
## ----------- ##

configure:1725: loading cache ../../.././config.cache
configure:1843: checking build system type
configure:1857: result: x86_64-pc-linux-gnu
configure:1877: checking host system type
configure:1890: result: arm-none-eabi
configure:1926: checking for a BSD-compatible install
configure:1994: result: /usr/bin/install -c
configure:2005: checking whether build environment is sane
configure:2055: result: yes
configure:2104: checking for arm-none-eabi-strip
configure:2131: result: arm-none-eabi-strip
configure:2196: checking for a thread-safe mkdir -p
configure:2235: result: /bin/mkdir -p
configure:2248: checking for gawk
configure:2275: result: mawk
configure:2286: checking whether make sets $(MAKE)
configure:2308: result: yes
configure:2338: checking for style of include used by make
configure:2366: result: GNU
configure:2576: checking for gcc
configure:2603: result: arm-none-eabi-gcc -B/home/vkottler/Documents/newlib-cygwin/arm-none-eabi/thumb/armv7-ar/fpu/vfpv3-d16/be/newlib/ -isystem /home/vkottler/Documents/newlib-cygwin/arm-none-eabi/thumb/armv7-ar/fpu/vfpv3-d16/be/newlib/targ-include -isystem /home/vkottler/Documents/newlib-cygwin/newlib/libc/include -B/home/vkottler/Documents/newlib-cygwin/arm-none-eabi/thumb/armv7-ar/fpu/vfpv3-d16/be/libgloss/arm -L/home/vkottler/Documents/newlib-cygwin/arm-none-eabi/thumb/armv7-ar/fpu/vfpv3-d16/be/libgloss/libnosys -L/home/vkottler/Documents/newlib-cygwin/libgloss/arm  -mthumb -march=armv7 -mfloat-abi=hard -mfpu=vfpv3-d16 -mbig-endian
configure:2614: checking dependency style of arm-none-eabi-gcc -B/home/vkottler/Documents/newlib-cygwin/arm-none-eabi/thumb/armv7-ar/fpu/vfpv3-d16/be/newlib/ -isystem /home/vkottler/Documents/newlib-cygwin/arm-none-eabi/thumb/armv7-ar/fpu/vfpv3-d16/be/newlib/targ-include -isystem /home/vkottler/Documents/newlib-cygwin/newlib/libc/include -B/home/vkottler/Documents/newlib-cygwin/arm-none-eabi/thumb/armv7-ar/fpu/vfpv3-d16/be/libgloss/arm -L/home/vkottler/Documents/newlib-cygwin/arm-none-eabi/thumb/armv7-ar/fpu/vfpv3-d16/be/libgloss/libnosys -L/home/vkottler/Documents/newlib-cygwin/libgloss/arm  -mthumb -march=armv7 -mfloat-abi=hard -mfpu=vfpv3-d16 -mbig-endian
configure:2725: result: gcc3
configure:2798: checking whether we are using GNU C
configure:2819: result: yes
configure:2828: checking whether arm-none-eabi-gcc -B/home/vkottler/Documents/newlib-cygwin/arm-none-eabi/thumb/armv7-ar/fpu/vfpv3-d16/be/newlib/ -isystem /home/vkottler/Documents/newlib-cygwin/arm-none-eabi/thumb/armv7-ar/fpu/vfpv3-d16/be/newlib/targ-include -isystem /home/vkottler/Documents/newlib-cygwin/newlib/libc/include -B/home/vkottler/Documents/newlib-cygwin/arm-none-eabi/thumb/armv7-ar/fpu/vfpv3-d16/be/libgloss/arm -L/home/vkottler/Documents/newlib-cygwin/arm-none-eabi/thumb/armv7-ar/fpu/vfpv3-d16/be/libgloss/libnosys -L/home/vkottler/Documents/newlib-cygwin/libgloss/arm  -mthumb -march=armv7 -mfloat-abi=hard -mfpu=vfpv3-d16 -mbig-endian accepts -g
configure:2889: result: no
configure:2922: checking for arm-none-eabi-as
configure:2949: result: arm-none-eabi-as
configure:3014: checking for arm-none-eabi-ar
configure:3041: result: arm-none-eabi-ar
configure:3106: checking for arm-none-eabi-ranlib
configure:3133: result: arm-none-eabi-ranlib
configure:3198: checking for arm-none-eabi-readelf
configure:3225: result: arm-none-eabi-readelf
configure:3294: checking whether to enable maintainer-specific portions of Makefiles
configure:3303: result: no
configure:3606: creating ./config.status

## ---------------------- ##
## Running config.status. ##
## ---------------------- ##

This file was extended by newlib config.status 2.5.0, which was
generated by GNU Autoconf 2.68.  Invocation command line was

  CONFIG_FILES    = 
  CONFIG_HEADERS  = 
  CONFIG_LINKS    = 
  CONFIG_COMMANDS = 
  $ ./config.status 

on vaughn-desktop

config.status:822: creating Makefile
config.status:979: executing depfiles commands

## ---------------- ##
## Cache variables. ##
## ---------------- ##

ac_cv_build=x86_64-pc-linux-gnu
ac_cv_c_compiler_gnu=yes
ac_cv_env_CCASFLAGS_set=
ac_cv_env_CCASFLAGS_value=
ac_cv_env_CCAS_set=
ac_cv_env_CCAS_value=
ac_cv_env_CC_set=set
ac_cv_env_CC_value='arm-none-eabi-gcc -B/home/vkottler/Documents/newlib-cygwin/arm-none-eabi/thumb/armv7-ar/fpu/vfpv3-d16/be/newlib/ -isystem /home/vkottler/Documents/newlib-cygwin/arm-none-eabi/thumb/armv7-ar/fpu/vfpv3-d16/be/newlib/targ-include -isystem /home/vkottler/Documents/newlib-cygwin/newlib/libc/include -B/home/vkottler/Documents/newlib-cygwin/arm-none-eabi/thumb/armv7-ar/fpu/vfpv3-d16/be/libgloss/arm -L/home/vkottler/Documents/newlib-cygwin/arm-none-eabi/thumb/armv7-ar/fpu/vfpv3-d16/be/libgloss/libnosys -L/home/vkottler/Documents/newlib-cygwin/libgloss/arm  -mthumb -march=armv7 -mfloat-abi=hard -mfpu=vfpv3-d16 -mbig-endian'
ac_cv_env_CFLAGS_set=set
ac_cv_env_CFLAGS_value='-g -O2'
ac_cv_env_CPPFLAGS_set=set
ac_cv_env_CPPFLAGS_value=
ac_cv_env_CPP_set=
ac_cv_env_CPP_value=
ac_cv_env_LDFLAGS_set=set
ac_cv_env_LDFLAGS_value=
ac_cv_env_LIBS_set=
ac_cv_env_LIBS_value=
ac_cv_env_build_alias_set=set
ac_cv_env_build_alias_value=x86_64-pc-linux-gnu
ac_cv_env_host_alias_set=set
ac_cv_env_host_alias_value=arm-none-eabi
ac_cv_env_target_alias_set=set
ac_cv_env_target_alias_value=arm-none-eabi
ac_cv_host=arm-none-eabi
ac_cv_path_SED=/bin/sed
ac_cv_path_mkdir=/bin/mkdir
ac_cv_prog_AR=arm-none-eabi-ar
ac_cv_prog_AS=arm-none-eabi-as
ac_cv_prog_AWK=mawk
ac_cv_prog_CC='arm-none-eabi-gcc -B/home/vkottler/Documents/newlib-cygwin/arm-none-eabi/thumb/armv7-ar/fpu/vfpv3-d16/be/newlib/ -isystem /home/vkottler/Documents/newlib-cygwin/arm-none-eabi/thumb/armv7-ar/fpu/vfpv3-d16/be/newlib/targ-include -isystem /home/vkottler/Documents/newlib-cygwin/newlib/libc/include -B/home/vkottler/Documents/newlib-cygwin/arm-none-eabi/thumb/armv7-ar/fpu/vfpv3-d16/be/libgloss/arm -L/home/vkottler/Documents/newlib-cygwin/arm-none-eabi/thumb/armv7-ar/fpu/vfpv3-d16/be/libgloss/libnosys -L/home/vkottler/Documents/newlib-cygwin/libgloss/arm  -mthumb -march=armv7 -mfloat-abi=hard -mfpu=vfpv3-d16 -mbig-endian'
ac_cv_prog_RANLIB=arm-none-eabi-ranlib
ac_cv_prog_READELF=arm-none-eabi-readelf
ac_cv_prog_STRIP=arm-none-eabi-strip
ac_cv_prog_cc_g=no
ac_cv_prog_make_make_set=yes
acnewlib_cv_type_long_double=yes
am_cv_CC_dependencies_compiler_type=gcc3
libc_cv_cc_loop_to_function=yes
libc_cv_initfinit_array=yes
newlib_cv_ldbl_eq_dbl=yes

## ----------------- ##
## Output variables. ##
## ----------------- ##

ACLOCAL='${SHELL} /home/vkottler/Documents/newlib-cygwin/missing --run aclocal-1.11'
AMDEPBACKSLASH='\'
AMDEP_FALSE='#'
AMDEP_TRUE=''
AMTAR='$${TAR-tar}'
AR='arm-none-eabi-ar'
AS='arm-none-eabi-as'
AUTOCONF='${SHELL} /home/vkottler/Documents/newlib-cygwin/missing --run autoconf'
AUTOHEADER='${SHELL} /home/vkottler/Documents/newlib-cygwin/missing --run autoheader'
AUTOMAKE='${SHELL} /home/vkottler/Documents/newlib-cygwin/missing --run automake-1.11'
AWK='mawk'
CC='arm-none-eabi-gcc -B/home/vkottler/Documents/newlib-cygwin/arm-none-eabi/thumb/armv7-ar/fpu/vfpv3-d16/be/newlib/ -isystem /home/vkottler/Documents/newlib-cygwin/arm-none-eabi/thumb/armv7-ar/fpu/vfpv3-d16/be/newlib/targ-include -isystem /home/vkottler/Documents/newlib-cygwin/newlib/libc/include -B/home/vkottler/Documents/newlib-cygwin/arm-none-eabi/thumb/armv7-ar/fpu/vfpv3-d16/be/libgloss/arm -L/home/vkottler/Documents/newlib-cygwin/arm-none-eabi/thumb/armv7-ar/fpu/vfpv3-d16/be/libgloss/libnosys -L/home/vkottler/Documents/newlib-cygwin/libgloss/arm  -mthumb -march=armv7 -mfloat-abi=hard -mfpu=vfpv3-d16 -mbig-endian'
CCAS='arm-none-eabi-gcc -B/home/vkottler/Documents/newlib-cygwin/arm-none-eabi/thumb/armv7-ar/fpu/vfpv3-d16/be/newlib/ -isystem /home/vkottler/Documents/newlib-cygwin/arm-none-eabi/thumb/armv7-ar/fpu/vfpv3-d16/be/newlib/targ-include -isystem /home/vkottler/Documents/newlib-cygwin/newlib/libc/include -B/home/vkottler/Documents/newlib-cygwin/arm-none-eabi/thumb/armv7-ar/fpu/vfpv3-d16/be/libgloss/arm -L/home/vkottler/Documents/newlib-cygwin/arm-none-eabi/thumb/armv7-ar/fpu/vfpv3-d16/be/libgloss/libnosys -L/home/vkottler/Documents/newlib-cygwin/libgloss/arm  -mthumb -march=armv7 -mfloat-abi=hard -mfpu=vfpv3-d16 -mbig-endian'
CCASFLAGS='-g -O2'
CCDEPMODE='depmode=gcc3'
CYGPATH_W='echo'
DEFS='-DPACKAGE_NAME=\"newlib\" -DPACKAGE_TARNAME=\"newlib\" -DPACKAGE_VERSION=\"2.5.0\" -DPACKAGE_STRING=\"newlib\ 2.5.0\" -DPACKAGE_BUGREPORT=\"\" -DPACKAGE_URL=\"\"'
DEPDIR='.deps'
ECHO_C=''
ECHO_N='-n'
ECHO_T=''
ELIX_LEVEL_0_FALSE='#'
ELIX_LEVEL_0_TRUE=''
ELIX_LEVEL_1_FALSE=''
ELIX_LEVEL_1_TRUE='#'
ELIX_LEVEL_2_FALSE=''
ELIX_LEVEL_2_TRUE='#'
ELIX_LEVEL_3_FALSE=''
ELIX_LEVEL_3_TRUE='#'
ELIX_LEVEL_4_FALSE=''
ELIX_LEVEL_4_TRUE='#'
INSTALL_DATA='/usr/bin/install -c -m 644'
INSTALL_PROGRAM='/usr/bin/install -c'
INSTALL_SCRIPT='/usr/bin/install -c'
INSTALL_STRIP_PROGRAM='$(install_sh) -c -s'
LDFLAGS=''
LIBOBJS=''
LIBS=''
LTLIBOBJS=''
MAINT='#'
MAINTAINER_MODE_FALSE=''
MAINTAINER_MODE_TRUE='#'
MAKEINFO='/home/vkottler/Documents/newlib-cygwin/missing makeinfo --split-size=5000000'
MAY_SUPPLY_SYSCALLS_FALSE=''
MAY_SUPPLY_SYSCALLS_TRUE='#'
MKDIR_P='/bin/mkdir -p'
NEWLIB_CFLAGS=' -D__NO_SYSCALLS__ -fno-builtin'
NO_INCLUDE_LIST=' rpc/types.h rpc/xdr.h'
OBJEXT='o'
PACKAGE='newlib'
PACKAGE_BUGREPORT=''
PACKAGE_NAME='newlib'
PACKAGE_STRING='newlib 2.5.0'
PACKAGE_TARNAME='newlib'
PACKAGE_URL=''
PACKAGE_VERSION='2.5.0'
PATH_SEPARATOR=':'
RANLIB='arm-none-eabi-ranlib'
READELF='arm-none-eabi-readelf'
SET_MAKE=''
SHELL='/bin/bash'
STRIP='arm-none-eabi-strip'
USE_LIBTOOL_FALSE=''
USE_LIBTOOL_TRUE='#'
VERSION='2.5.0'
aext='a'
am__fastdepCC_FALSE='#'
am__fastdepCC_TRUE=''
am__include='include'
am__isrc=' -I$(srcdir)'
am__leading_dot='.'
am__nodep='_no'
am__quote=''
am__tar='$${TAR-tar} chof - "$$tardir"'
am__untar='$${TAR-tar} xf -'
bindir='${exec_prefix}/bin'
build='x86_64-pc-linux-gnu'
build_alias='x86_64-pc-linux-gnu'
build_cpu='x86_64'
build_os='linux-gnu'
build_vendor='pc'
datadir='${datarootdir}'
datarootdir='${prefix}/share'
docdir='${datarootdir}/doc/${PACKAGE_TARNAME}'
dvidir='${docdir}'
exec_prefix='${prefix}'
host='arm-none-eabi'
host_alias='arm-none-eabi'
host_cpu='arm'
host_os='eabi'
host_vendor='none'
htmldir='${docdir}'
includedir='${prefix}/include'
infodir='${datarootdir}/info'
install_sh='${SHELL} /home/vkottler/Documents/newlib-cygwin/install-sh'
libdir='${exec_prefix}/lib'
libexecdir='${exec_prefix}/libexec'
libm_machine_dir='arm'
localedir='${datarootdir}/locale'
localstatedir='${prefix}/var'
lpfx='lib_a-'
machine_dir='arm'
mandir='${datarootdir}/man'
mkdir_p='/bin/mkdir -p'
newlib_basedir='../../../../../../../../../.././newlib/libc/sys/arm/../../..'
oext='o'
oldincludedir='/usr/include'
pdfdir='${docdir}'
prefix='/usr/local'
program_transform_name='s&^&arm-none-eabi-&'
psdir='${docdir}'
sbindir='${exec_prefix}/sbin'
sharedstatedir='${prefix}/com'
sys_dir='arm'
sysconfdir='${prefix}/etc'
target_alias='arm-none-eabi'

## ----------- ##
## confdefs.h. ##
## ----------- ##

/* confdefs.h */
#define PACKAGE_NAME "newlib"
#define PACKAGE_TARNAME "newlib"
#define PACKAGE_VERSION "2.5.0"
#define PACKAGE_STRING "newlib 2.5.0"
#define PACKAGE_BUGREPORT ""
#define PACKAGE_URL ""

configure: exit 0
