This file contains any messages produced by compilers while
running configure, to aid debugging if configure makes a mistake.

It was created by configure, which was
generated by GNU Autoconf 2.68.  Invocation command line was

  $ ../../../../../.././libgloss/libnosys/configure --disable-option-checking --prefix=/usr/local --with-multisubdir=armv7-ar/thumb/fpu --with-multisrctop= --with-newlib --enable-multilib --with-cross-host=x86_64-pc-linux-gnu --disable-newlib-supplied-syscalls --program-transform-name=s&^&arm-none-eabi-& --with-target-subdir=arm-none-eabi --build=x86_64-pc-linux-gnu --host=arm-none-eabi --target=arm-none-eabi build_alias=x86_64-pc-linux-gnu host_alias=arm-none-eabi target_alias=arm-none-eabi CC=arm-none-eabi-gcc -B/home/vkottler/Documents/newlib-cygwin/arm-none-eabi/armv7-ar/thumb/fpu/newlib/ -isystem /home/vkottler/Documents/newlib-cygwin/arm-none-eabi/armv7-ar/thumb/fpu/newlib/targ-include -isystem /home/vkottler/Documents/newlib-cygwin/newlib/libc/include -B/home/vkottler/Documents/newlib-cygwin/arm-none-eabi/armv7-ar/thumb/fpu/libgloss/arm -L/home/vkottler/Documents/newlib-cygwin/arm-none-eabi/armv7-ar/thumb/fpu/libgloss/libnosys -L/home/vkottler/Documents/newlib-cygwin/libgloss/arm  -mthumb -march=armv7 -mfloat-abi=hard -mfpu=vfpv3-d16 CXX=arm-none-eabi-c++ -B/home/vkottler/Documents/newlib-cygwin/arm-none-eabi/armv7-ar/thumb/fpu/newlib/ -isystem /home/vkottler/Documents/newlib-cygwin/arm-none-eabi/armv7-ar/thumb/fpu/newlib/targ-include -isystem /home/vkottler/Documents/newlib-cygwin/newlib/libc/include -B/home/vkottler/Documents/newlib-cygwin/arm-none-eabi/armv7-ar/thumb/fpu/libgloss/arm -L/home/vkottler/Documents/newlib-cygwin/arm-none-eabi/armv7-ar/thumb/fpu/libgloss/libnosys -L/home/vkottler/Documents/newlib-cygwin/libgloss/arm  -mthumb -march=armv7 -mfloat-abi=hard -mfpu=vfpv3-d16 F77= -mthumb -march=armv7 -mfloat-abi=hard -mfpu=vfpv3-d16 GCJ=arm-none-eabi-gcj -B/home/vkottler/Documents/newlib-cygwin/arm-none-eabi/armv7-ar/thumb/fpu/newlib/ -isystem /home/vkottler/Documents/newlib-cygwin/arm-none-eabi/armv7-ar/thumb/fpu/newlib/targ-include -isystem /home/vkottler/Documents/newlib-cygwin/newlib/libc/include -B/home/vkottler/Documents/newlib-cygwin/arm-none-eabi/armv7-ar/thumb/fpu/libgloss/arm -L/home/vkottler/Documents/newlib-cygwin/arm-none-eabi/armv7-ar/thumb/fpu/libgloss/libnosys -L/home/vkottler/Documents/newlib-cygwin/libgloss/arm  -mthumb -march=armv7 -mfloat-abi=hard -mfpu=vfpv3-d16 GFORTRAN=arm-none-eabi-gfortran -B/home/vkottler/Documents/newlib-cygwin/arm-none-eabi/armv7-ar/thumb/fpu/newlib/ -isystem /home/vkottler/Documents/newlib-cygwin/arm-none-eabi/armv7-ar/thumb/fpu/newlib/targ-include -isystem /home/vkottler/Documents/newlib-cygwin/newlib/libc/include -B/home/vkottler/Documents/newlib-cygwin/arm-none-eabi/armv7-ar/thumb/fpu/libgloss/arm -L/home/vkottler/Documents/newlib-cygwin/arm-none-eabi/armv7-ar/thumb/fpu/libgloss/libnosys -L/home/vkottler/Documents/newlib-cygwin/libgloss/arm  -mthumb -march=armv7 -mfloat-abi=hard -mfpu=vfpv3-d16 GOC=arm-none-eabi-gccgo -B/home/vkottler/Documents/newlib-cygwin/arm-none-eabi/armv7-ar/thumb/fpu/newlib/ -isystem /home/vkottler/Documents/newlib-cygwin/arm-none-eabi/armv7-ar/thumb/fpu/newlib/targ-include -isystem /home/vkottler/Documents/newlib-cygwin/newlib/libc/include -B/home/vkottler/Documents/newlib-cygwin/arm-none-eabi/armv7-ar/thumb/fpu/libgloss/arm -L/home/vkottler/Documents/newlib-cygwin/arm-none-eabi/armv7-ar/thumb/fpu/libgloss/libnosys -L/home/vkottler/Documents/newlib-cygwin/libgloss/arm  -mthumb -march=armv7 -mfloat-abi=hard -mfpu=vfpv3-d16 LD_LIBRARY_PATH= --cache-file=.././config.cache --srcdir=../../../../../.././libgloss/libnosys

## --------- ##
## Platform. ##
## --------- ##

hostname = vaughn-desktop
uname -m = x86_64
uname -r = 4.4.0-78-generic
uname -s = Linux
uname -v = #99-Ubuntu SMP Thu Apr 27 15:29:09 UTC 2017

/usr/bin/uname -p = unknown
/bin/uname -X     = unknown

/bin/arch              = unknown
/usr/bin/arch -k       = unknown
/usr/convex/getsysinfo = unknown
/usr/bin/hostinfo      = unknown
/bin/machine           = unknown
/usr/bin/oslevel       = unknown
/bin/universe          = unknown

PATH: /home/vkottler/bin
PATH: /home/vkottler/.local/bin
PATH: /usr/local/sbin
PATH: /usr/local/bin
PATH: /usr/sbin
PATH: /usr/bin
PATH: /sbin
PATH: /bin
PATH: /usr/games
PATH: /usr/local/games
PATH: /snap/bin
PATH: /home/vkottler/bin/jlink


## ----------- ##
## Core tests. ##
## ----------- ##

configure:1662: loading cache .././config.cache
configure:1793: checking build system type
configure:1807: result: x86_64-pc-linux-gnu
configure:1827: checking host system type
configure:1840: result: arm-none-eabi
configure:1860: checking target system type
configure:1873: result: arm-none-eabi
configure:1925: checking for a BSD-compatible install
configure:1993: result: /usr/bin/install -c
configure:2146: checking for symbol prefix
configure:2156: arm-none-eabi-gcc -B/home/vkottler/Documents/newlib-cygwin/arm-none-eabi/armv7-ar/thumb/fpu/newlib/ -isystem /home/vkottler/Documents/newlib-cygwin/arm-none-eabi/armv7-ar/thumb/fpu/newlib/targ-include -isystem /home/vkottler/Documents/newlib-cygwin/newlib/libc/include -B/home/vkottler/Documents/newlib-cygwin/arm-none-eabi/armv7-ar/thumb/fpu/libgloss/arm -L/home/vkottler/Documents/newlib-cygwin/arm-none-eabi/armv7-ar/thumb/fpu/libgloss/libnosys -L/home/vkottler/Documents/newlib-cygwin/libgloss/arm  -mthumb -march=armv7 -mfloat-abi=hard -mfpu=vfpv3-d16 -S conftest.c -o - | fgrep $foo > /dev/null
configure:2159: $? = 1
configure:2165: arm-none-eabi-gcc -B/home/vkottler/Documents/newlib-cygwin/arm-none-eabi/armv7-ar/thumb/fpu/newlib/ -isystem /home/vkottler/Documents/newlib-cygwin/arm-none-eabi/armv7-ar/thumb/fpu/newlib/targ-include -isystem /home/vkottler/Documents/newlib-cygwin/newlib/libc/include -B/home/vkottler/Documents/newlib-cygwin/arm-none-eabi/armv7-ar/thumb/fpu/libgloss/arm -L/home/vkottler/Documents/newlib-cygwin/arm-none-eabi/armv7-ar/thumb/fpu/libgloss/libnosys -L/home/vkottler/Documents/newlib-cygwin/libgloss/arm  -mthumb -march=armv7 -mfloat-abi=hard -mfpu=vfpv3-d16 -S conftest.c -o - | fgrep _foo > /dev/null
configure:2168: $? = 1
configure:2176: result: none
configure:2209: checking for style of include used by make
configure:2237: result: GNU
configure:2264: checking for gcc
configure:2291: result: arm-none-eabi-gcc -B/home/vkottler/Documents/newlib-cygwin/arm-none-eabi/armv7-ar/thumb/fpu/newlib/ -isystem /home/vkottler/Documents/newlib-cygwin/arm-none-eabi/armv7-ar/thumb/fpu/newlib/targ-include -isystem /home/vkottler/Documents/newlib-cygwin/newlib/libc/include -B/home/vkottler/Documents/newlib-cygwin/arm-none-eabi/armv7-ar/thumb/fpu/libgloss/arm -L/home/vkottler/Documents/newlib-cygwin/arm-none-eabi/armv7-ar/thumb/fpu/libgloss/libnosys -L/home/vkottler/Documents/newlib-cygwin/libgloss/arm  -mthumb -march=armv7 -mfloat-abi=hard -mfpu=vfpv3-d16
configure:2302: checking dependency style of arm-none-eabi-gcc -B/home/vkottler/Documents/newlib-cygwin/arm-none-eabi/armv7-ar/thumb/fpu/newlib/ -isystem /home/vkottler/Documents/newlib-cygwin/arm-none-eabi/armv7-ar/thumb/fpu/newlib/targ-include -isystem /home/vkottler/Documents/newlib-cygwin/newlib/libc/include -B/home/vkottler/Documents/newlib-cygwin/arm-none-eabi/armv7-ar/thumb/fpu/libgloss/arm -L/home/vkottler/Documents/newlib-cygwin/arm-none-eabi/armv7-ar/thumb/fpu/libgloss/libnosys -L/home/vkottler/Documents/newlib-cygwin/libgloss/arm  -mthumb -march=armv7 -mfloat-abi=hard -mfpu=vfpv3-d16
configure:2392: result: gcc3
configure:2467: checking whether we are using GNU C
configure:2488: result: yes
configure:2498: checking whether arm-none-eabi-gcc -B/home/vkottler/Documents/newlib-cygwin/arm-none-eabi/armv7-ar/thumb/fpu/newlib/ -isystem /home/vkottler/Documents/newlib-cygwin/arm-none-eabi/armv7-ar/thumb/fpu/newlib/targ-include -isystem /home/vkottler/Documents/newlib-cygwin/newlib/libc/include -B/home/vkottler/Documents/newlib-cygwin/arm-none-eabi/armv7-ar/thumb/fpu/libgloss/arm -L/home/vkottler/Documents/newlib-cygwin/arm-none-eabi/armv7-ar/thumb/fpu/libgloss/libnosys -L/home/vkottler/Documents/newlib-cygwin/libgloss/arm  -mthumb -march=armv7 -mfloat-abi=hard -mfpu=vfpv3-d16 accepts -g
configure:2559: result: no
configure:2597: checking for arm-none-eabi-ranlib
configure:2624: result: arm-none-eabi-ranlib
configure:2767: updating cache .././config.cache
configure:2824: creating ./config.status

## ---------------------- ##
## Running config.status. ##
## ---------------------- ##

This file was extended by config.status, which was
generated by GNU Autoconf 2.68.  Invocation command line was

  CONFIG_FILES    = 
  CONFIG_HEADERS  = 
  CONFIG_LINKS    = 
  CONFIG_COMMANDS = 
  $ ./config.status 

on vaughn-desktop

config.status:875: creating Makefile
config.status:875: creating config.h
config.status:1054: executing depfiles commands

## ---------------- ##
## Cache variables. ##
## ---------------- ##

ac_cv_build=x86_64-pc-linux-gnu
ac_cv_c_compiler_gnu=yes
ac_cv_env_CCASFLAGS_set=
ac_cv_env_CCASFLAGS_value=
ac_cv_env_CCAS_set=
ac_cv_env_CCAS_value=
ac_cv_env_build_alias_set=set
ac_cv_env_build_alias_value=x86_64-pc-linux-gnu
ac_cv_env_host_alias_set=set
ac_cv_env_host_alias_value=arm-none-eabi
ac_cv_env_target_alias_set=set
ac_cv_env_target_alias_value=arm-none-eabi
ac_cv_host=arm-none-eabi
ac_cv_prog_AR=arm-none-eabi-ar
ac_cv_prog_AWK=mawk
ac_cv_prog_CC='arm-none-eabi-gcc -B/home/vkottler/Documents/newlib-cygwin/arm-none-eabi/armv7-ar/thumb/fpu/newlib/ -isystem /home/vkottler/Documents/newlib-cygwin/arm-none-eabi/armv7-ar/thumb/fpu/newlib/targ-include -isystem /home/vkottler/Documents/newlib-cygwin/newlib/libc/include -B/home/vkottler/Documents/newlib-cygwin/arm-none-eabi/armv7-ar/thumb/fpu/libgloss/arm -L/home/vkottler/Documents/newlib-cygwin/arm-none-eabi/armv7-ar/thumb/fpu/libgloss/libnosys -L/home/vkottler/Documents/newlib-cygwin/libgloss/arm  -mthumb -march=armv7 -mfloat-abi=hard -mfpu=vfpv3-d16'
ac_cv_prog_RANLIB=arm-none-eabi-ranlib
ac_cv_prog_STRIP=arm-none-eabi-strip
ac_cv_prog_cc_g=no
ac_cv_prog_make_make_set=yes
ac_cv_target=arm-none-eabi
am_cv_CC_dependencies_compiler_type=gcc3
libc_cv_symbol_prefix=none

## ----------------- ##
## Output variables. ##
## ----------------- ##

AMDEPBACKSLASH='\'
AMDEP_FALSE='#'
AMDEP_TRUE=''
AR='arm-none-eabi-ar'
AS='arm-none-eabi-as'
CC='arm-none-eabi-gcc -B/home/vkottler/Documents/newlib-cygwin/arm-none-eabi/armv7-ar/thumb/fpu/newlib/ -isystem /home/vkottler/Documents/newlib-cygwin/arm-none-eabi/armv7-ar/thumb/fpu/newlib/targ-include -isystem /home/vkottler/Documents/newlib-cygwin/newlib/libc/include -B/home/vkottler/Documents/newlib-cygwin/arm-none-eabi/armv7-ar/thumb/fpu/libgloss/arm -L/home/vkottler/Documents/newlib-cygwin/arm-none-eabi/armv7-ar/thumb/fpu/libgloss/libnosys -L/home/vkottler/Documents/newlib-cygwin/libgloss/arm  -mthumb -march=armv7 -mfloat-abi=hard -mfpu=vfpv3-d16'
CCAS='arm-none-eabi-gcc -B/home/vkottler/Documents/newlib-cygwin/arm-none-eabi/armv7-ar/thumb/fpu/newlib/ -isystem /home/vkottler/Documents/newlib-cygwin/arm-none-eabi/armv7-ar/thumb/fpu/newlib/targ-include -isystem /home/vkottler/Documents/newlib-cygwin/newlib/libc/include -B/home/vkottler/Documents/newlib-cygwin/arm-none-eabi/armv7-ar/thumb/fpu/libgloss/arm -L/home/vkottler/Documents/newlib-cygwin/arm-none-eabi/armv7-ar/thumb/fpu/libgloss/libnosys -L/home/vkottler/Documents/newlib-cygwin/libgloss/arm  -mthumb -march=armv7 -mfloat-abi=hard -mfpu=vfpv3-d16'
CCASFLAGS=''
CCDEPMODE='depmode=gcc3'
DEFS='-DHAVE_CONFIG_H'
DEPDIR='.deps'
ECHO_C=''
ECHO_N='-n'
ECHO_T=''
INSTALL_DATA='/usr/bin/install -c -m 644'
INSTALL_PROGRAM='/usr/bin/install -c'
INSTALL_SCRIPT='/usr/bin/install -c'
LD='arm-none-eabi-ld'
LIBOBJS=''
LIBS=''
LTLIBOBJS=''
PACKAGE_BUGREPORT=''
PACKAGE_NAME=''
PACKAGE_STRING=''
PACKAGE_TARNAME=''
PACKAGE_URL=''
PACKAGE_VERSION=''
PATH_SEPARATOR=':'
RANLIB='arm-none-eabi-ranlib'
SHELL='/bin/bash'
am__fastdepCC_FALSE='#'
am__fastdepCC_TRUE=''
am__include='include'
am__leading_dot='.'
am__quote=''
bindir='${exec_prefix}/bin'
build='x86_64-pc-linux-gnu'
build_alias='x86_64-pc-linux-gnu'
build_cpu='x86_64'
build_os='linux-gnu'
build_vendor='pc'
datadir='${datarootdir}'
datarootdir='${prefix}/share'
docdir='${datarootdir}/doc/${PACKAGE}'
dvidir='${docdir}'
exec_prefix='${prefix}'
host='arm-none-eabi'
host_alias='arm-none-eabi'
host_cpu='arm'
host_makefile_frag_path='../../../../../.././libgloss/libnosys/../config/default.mh'
host_os='eabi'
host_vendor='none'
htmldir='${docdir}'
includedir='${prefix}/include'
infodir='${datarootdir}/info'
libdir='${exec_prefix}/lib'
libexecdir='${exec_prefix}/libexec'
localedir='${datarootdir}/locale'
localstatedir='${prefix}/var'
mandir='${datarootdir}/man'
oldincludedir='/usr/include'
pdfdir='${docdir}'
prefix='/usr/local'
program_transform_name='s&^&arm-none-eabi-&'
psdir='${docdir}'
sbindir='${exec_prefix}/sbin'
sharedstatedir='${prefix}/com'
sysconfdir='${prefix}/etc'
target='arm-none-eabi'
target_alias='arm-none-eabi'
target_cpu='arm'
target_os='eabi'
target_vendor='none'

## ------------------- ##
## File substitutions. ##
## ------------------- ##

host_makefile_frag='../../../../../.././libgloss/libnosys/../config/default.mh'

## ----------- ##
## confdefs.h. ##
## ----------- ##

/* confdefs.h */
#define PACKAGE_NAME ""
#define PACKAGE_TARNAME ""
#define PACKAGE_VERSION ""
#define PACKAGE_STRING ""
#define PACKAGE_BUGREPORT ""
#define PACKAGE_URL ""
#define HAVE_GNU_LD 1
#define __SYMBOL_PREFIX ""

configure: exit 0
