This file contains any messages produced by compilers while
running configure, to aid debugging if configure makes a mistake.

It was created by libgloss configure LIBGLOSS_VERSION, which was
generated by GNU Autoconf 2.68.  Invocation command line was

  $ ../../.././libgloss/configure --with-multisubdir=armv7e-m --with-multisrctop= --enable-multilib --srcdir=../.././libgloss --cache-file=./config.cache --with-newlib --enable-multilib --with-cross-host=x86_64-pc-linux-gnu --disable-newlib-supplied-syscalls --program-transform-name=s&^&arm-none-eabi-& --disable-option-checking --with-target-subdir=arm-none-eabi --build=x86_64-pc-linux-gnu --host=arm-none-eabi --target=arm-none-eabi build_alias=x86_64-pc-linux-gnu host_alias=arm-none-eabi target_alias=arm-none-eabi CC=arm-none-eabi-gcc -B/home/vkottler/Documents/newlib-cygwin/arm-none-eabi/armv7e-m/newlib/ -isystem /home/vkottler/Documents/newlib-cygwin/arm-none-eabi/armv7e-m/newlib/targ-include -isystem /home/vkottler/Documents/newlib-cygwin/newlib/libc/include -B/home/vkottler/Documents/newlib-cygwin/arm-none-eabi/armv7e-m/libgloss/arm -L/home/vkottler/Documents/newlib-cygwin/arm-none-eabi/armv7e-m/libgloss/libnosys -L/home/vkottler/Documents/newlib-cygwin/libgloss/arm  -mthumb -march=armv7e-m CXX=arm-none-eabi-c++ -B/home/vkottler/Documents/newlib-cygwin/arm-none-eabi/armv7e-m/newlib/ -isystem /home/vkottler/Documents/newlib-cygwin/arm-none-eabi/armv7e-m/newlib/targ-include -isystem /home/vkottler/Documents/newlib-cygwin/newlib/libc/include -B/home/vkottler/Documents/newlib-cygwin/arm-none-eabi/armv7e-m/libgloss/arm -L/home/vkottler/Documents/newlib-cygwin/arm-none-eabi/armv7e-m/libgloss/libnosys -L/home/vkottler/Documents/newlib-cygwin/libgloss/arm  -mthumb -march=armv7e-m F77= -mthumb -march=armv7e-m GCJ=arm-none-eabi-gcj -B/home/vkottler/Documents/newlib-cygwin/arm-none-eabi/armv7e-m/newlib/ -isystem /home/vkottler/Documents/newlib-cygwin/arm-none-eabi/armv7e-m/newlib/targ-include -isystem /home/vkottler/Documents/newlib-cygwin/newlib/libc/include -B/home/vkottler/Documents/newlib-cygwin/arm-none-eabi/armv7e-m/libgloss/arm -L/home/vkottler/Documents/newlib-cygwin/arm-none-eabi/armv7e-m/libgloss/libnosys -L/home/vkottler/Documents/newlib-cygwin/libgloss/arm  -mthumb -march=armv7e-m GFORTRAN=arm-none-eabi-gfortran -B/home/vkottler/Documents/newlib-cygwin/arm-none-eabi/armv7e-m/newlib/ -isystem /home/vkottler/Documents/newlib-cygwin/arm-none-eabi/armv7e-m/newlib/targ-include -isystem /home/vkottler/Documents/newlib-cygwin/newlib/libc/include -B/home/vkottler/Documents/newlib-cygwin/arm-none-eabi/armv7e-m/libgloss/arm -L/home/vkottler/Documents/newlib-cygwin/arm-none-eabi/armv7e-m/libgloss/libnosys -L/home/vkottler/Documents/newlib-cygwin/libgloss/arm  -mthumb -march=armv7e-m GOC=arm-none-eabi-gccgo -B/home/vkottler/Documents/newlib-cygwin/arm-none-eabi/armv7e-m/newlib/ -isystem /home/vkottler/Documents/newlib-cygwin/arm-none-eabi/armv7e-m/newlib/targ-include -isystem /home/vkottler/Documents/newlib-cygwin/newlib/libc/include -B/home/vkottler/Documents/newlib-cygwin/arm-none-eabi/armv7e-m/libgloss/arm -L/home/vkottler/Documents/newlib-cygwin/arm-none-eabi/armv7e-m/libgloss/libnosys -L/home/vkottler/Documents/newlib-cygwin/libgloss/arm  -mthumb -march=armv7e-m LD_LIBRARY_PATH= -srcdir=../../.././libgloss

## --------- ##
## Platform. ##
## --------- ##

hostname = vaughn-desktop
uname -m = x86_64
uname -r = 4.4.0-78-generic
uname -s = Linux
uname -v = #99-Ubuntu SMP Thu Apr 27 15:29:09 UTC 2017

/usr/bin/uname -p = unknown
/bin/uname -X     = unknown

/bin/arch              = unknown
/usr/bin/arch -k       = unknown
/usr/convex/getsysinfo = unknown
/usr/bin/hostinfo      = unknown
/bin/machine           = unknown
/usr/bin/oslevel       = unknown
/bin/universe          = unknown

PATH: /home/vkottler/bin
PATH: /home/vkottler/.local/bin
PATH: /usr/local/sbin
PATH: /usr/local/bin
PATH: /usr/sbin
PATH: /usr/bin
PATH: /sbin
PATH: /bin
PATH: /usr/games
PATH: /usr/local/games
PATH: /snap/bin
PATH: /home/vkottler/bin/jlink


## ----------- ##
## Core tests. ##
## ----------- ##

configure:1736: creating cache ./config.cache
configure:1868: checking for a BSD-compatible install
configure:1936: result: /usr/bin/install -c
configure:1952: checking build system type
configure:1966: result: x86_64-pc-linux-gnu
configure:1986: checking host system type
configure:1999: result: arm-none-eabi
configure:2019: checking target system type
configure:2032: result: arm-none-eabi
configure:2060: checking whether build environment is sane
configure:2097: result: yes
configure:2159: checking for gawk
configure:2186: result: mawk
configure:2197: checking whether make sets $(MAKE)
configure:2219: result: yes
configure:2284: checking for arm-none-eabi-strip
configure:2311: result: arm-none-eabi-strip
configure:2604: checking for style of include used by make
configure:2632: result: GNU
configure:2659: checking for gcc
configure:2686: result: arm-none-eabi-gcc -B/home/vkottler/Documents/newlib-cygwin/arm-none-eabi/armv7e-m/newlib/ -isystem /home/vkottler/Documents/newlib-cygwin/arm-none-eabi/armv7e-m/newlib/targ-include -isystem /home/vkottler/Documents/newlib-cygwin/newlib/libc/include -B/home/vkottler/Documents/newlib-cygwin/arm-none-eabi/armv7e-m/libgloss/arm -L/home/vkottler/Documents/newlib-cygwin/arm-none-eabi/armv7e-m/libgloss/libnosys -L/home/vkottler/Documents/newlib-cygwin/libgloss/arm  -mthumb -march=armv7e-m
configure:2697: checking dependency style of arm-none-eabi-gcc -B/home/vkottler/Documents/newlib-cygwin/arm-none-eabi/armv7e-m/newlib/ -isystem /home/vkottler/Documents/newlib-cygwin/arm-none-eabi/armv7e-m/newlib/targ-include -isystem /home/vkottler/Documents/newlib-cygwin/newlib/libc/include -B/home/vkottler/Documents/newlib-cygwin/arm-none-eabi/armv7e-m/libgloss/arm -L/home/vkottler/Documents/newlib-cygwin/arm-none-eabi/armv7e-m/libgloss/libnosys -L/home/vkottler/Documents/newlib-cygwin/libgloss/arm  -mthumb -march=armv7e-m
configure:2787: result: gcc3
configure:2862: checking whether we are using GNU C
configure:2873: arm-none-eabi-gcc -B/home/vkottler/Documents/newlib-cygwin/arm-none-eabi/armv7e-m/newlib/ -isystem /home/vkottler/Documents/newlib-cygwin/arm-none-eabi/armv7e-m/newlib/targ-include -isystem /home/vkottler/Documents/newlib-cygwin/newlib/libc/include -B/home/vkottler/Documents/newlib-cygwin/arm-none-eabi/armv7e-m/libgloss/arm -L/home/vkottler/Documents/newlib-cygwin/arm-none-eabi/armv7e-m/libgloss/libnosys -L/home/vkottler/Documents/newlib-cygwin/libgloss/arm  -mthumb -march=armv7e-m -E conftest.c
configure:2876: $? = 0
configure:2883: result: yes
configure:2893: checking whether arm-none-eabi-gcc -B/home/vkottler/Documents/newlib-cygwin/arm-none-eabi/armv7e-m/newlib/ -isystem /home/vkottler/Documents/newlib-cygwin/arm-none-eabi/armv7e-m/newlib/targ-include -isystem /home/vkottler/Documents/newlib-cygwin/newlib/libc/include -B/home/vkottler/Documents/newlib-cygwin/arm-none-eabi/armv7e-m/libgloss/arm -L/home/vkottler/Documents/newlib-cygwin/arm-none-eabi/armv7e-m/libgloss/libnosys -L/home/vkottler/Documents/newlib-cygwin/libgloss/arm  -mthumb -march=armv7e-m accepts -g
configure:2913: arm-none-eabi-gcc -B/home/vkottler/Documents/newlib-cygwin/arm-none-eabi/armv7e-m/newlib/ -isystem /home/vkottler/Documents/newlib-cygwin/arm-none-eabi/armv7e-m/newlib/targ-include -isystem /home/vkottler/Documents/newlib-cygwin/newlib/libc/include -B/home/vkottler/Documents/newlib-cygwin/arm-none-eabi/armv7e-m/libgloss/arm -L/home/vkottler/Documents/newlib-cygwin/arm-none-eabi/armv7e-m/libgloss/libnosys -L/home/vkottler/Documents/newlib-cygwin/libgloss/arm  -mthumb -march=armv7e-m -c -g  conftest.c >&5
configure:2913: $? = 0
configure: failed program was:
| /* confdefs.h */
| #define PACKAGE_NAME "libgloss"
| #define PACKAGE_TARNAME "libgloss"
| #define PACKAGE_VERSION "LIBGLOSS_VERSION"
| #define PACKAGE_STRING "libgloss LIBGLOSS_VERSION"
| #define PACKAGE_BUGREPORT ""
| #define PACKAGE_URL ""
| /* end confdefs.h.  */
| 
| int
| main ()
| {
| 
|   ;
|   return 0;
| }
configure:2928: arm-none-eabi-gcc -B/home/vkottler/Documents/newlib-cygwin/arm-none-eabi/armv7e-m/newlib/ -isystem /home/vkottler/Documents/newlib-cygwin/arm-none-eabi/armv7e-m/newlib/targ-include -isystem /home/vkottler/Documents/newlib-cygwin/newlib/libc/include -B/home/vkottler/Documents/newlib-cygwin/arm-none-eabi/armv7e-m/libgloss/arm -L/home/vkottler/Documents/newlib-cygwin/arm-none-eabi/armv7e-m/libgloss/libnosys -L/home/vkottler/Documents/newlib-cygwin/libgloss/arm  -mthumb -march=armv7e-m -c   conftest.c >&5
configure:2928: $? = 0
configure: failed program was:
| /* confdefs.h */
| #define PACKAGE_NAME "libgloss"
| #define PACKAGE_TARNAME "libgloss"
| #define PACKAGE_VERSION "LIBGLOSS_VERSION"
| #define PACKAGE_STRING "libgloss LIBGLOSS_VERSION"
| #define PACKAGE_BUGREPORT ""
| #define PACKAGE_URL ""
| /* end confdefs.h.  */
| 
| int
| main ()
| {
| 
|   ;
|   return 0;
| }
configure:2944: arm-none-eabi-gcc -B/home/vkottler/Documents/newlib-cygwin/arm-none-eabi/armv7e-m/newlib/ -isystem /home/vkottler/Documents/newlib-cygwin/arm-none-eabi/armv7e-m/newlib/targ-include -isystem /home/vkottler/Documents/newlib-cygwin/newlib/libc/include -B/home/vkottler/Documents/newlib-cygwin/arm-none-eabi/armv7e-m/libgloss/arm -L/home/vkottler/Documents/newlib-cygwin/arm-none-eabi/armv7e-m/libgloss/libnosys -L/home/vkottler/Documents/newlib-cygwin/libgloss/arm  -mthumb -march=armv7e-m -c -g  conftest.c >&5
configure:2944: $? = 0
configure: failed program was:
| /* confdefs.h */
| #define PACKAGE_NAME "libgloss"
| #define PACKAGE_TARNAME "libgloss"
| #define PACKAGE_VERSION "LIBGLOSS_VERSION"
| #define PACKAGE_STRING "libgloss LIBGLOSS_VERSION"
| #define PACKAGE_BUGREPORT ""
| #define PACKAGE_URL ""
| /* end confdefs.h.  */
| 
| int
| main ()
| {
| 
|   ;
|   return 0;
| }
configure:2954: result: no
configure:2987: checking for ar
configure:3015: result: arm-none-eabi-ar
configure:3030: checking for arm-none-eabi-ranlib
configure:3057: result: arm-none-eabi-ranlib
configure:3207: updating cache ./config.cache
configure:3300: creating ./config.status

## ---------------------- ##
## Running config.status. ##
## ---------------------- ##

This file was extended by libgloss config.status LIBGLOSS_VERSION, which was
generated by GNU Autoconf 2.68.  Invocation command line was

  CONFIG_FILES    = 
  CONFIG_HEADERS  = 
  CONFIG_LINKS    = 
  CONFIG_COMMANDS = 
  $ ./config.status 

on vaughn-desktop

config.status:829: creating Makefile
config.status:985: executing depfiles commands
configure:4542: === configuring in arm (/home/vkottler/Documents/newlib-cygwin/arm-none-eabi/armv7e-m/libgloss/arm)
configure:4605: running /bin/bash ../../../.././libgloss/arm/configure --disable-option-checking '--prefix=/usr/local'  '--with-multisubdir=armv7e-m' '--with-multisrctop=' '--with-newlib' '--enable-multilib' '--with-cross-host=x86_64-pc-linux-gnu' '--disable-newlib-supplied-syscalls' '--program-transform-name=s&^&arm-none-eabi-&' '--with-target-subdir=arm-none-eabi' '--build=x86_64-pc-linux-gnu' '--host=arm-none-eabi' '--target=arm-none-eabi' 'build_alias=x86_64-pc-linux-gnu' 'host_alias=arm-none-eabi' 'target_alias=arm-none-eabi' 'CC=arm-none-eabi-gcc -B/home/vkottler/Documents/newlib-cygwin/arm-none-eabi/armv7e-m/newlib/ -isystem /home/vkottler/Documents/newlib-cygwin/arm-none-eabi/armv7e-m/newlib/targ-include -isystem /home/vkottler/Documents/newlib-cygwin/newlib/libc/include -B/home/vkottler/Documents/newlib-cygwin/arm-none-eabi/armv7e-m/libgloss/arm -L/home/vkottler/Documents/newlib-cygwin/arm-none-eabi/armv7e-m/libgloss/libnosys -L/home/vkottler/Documents/newlib-cygwin/libgloss/arm  -mthumb -march=armv7e-m' 'CXX=arm-none-eabi-c++ -B/home/vkottler/Documents/newlib-cygwin/arm-none-eabi/armv7e-m/newlib/ -isystem /home/vkottler/Documents/newlib-cygwin/arm-none-eabi/armv7e-m/newlib/targ-include -isystem /home/vkottler/Documents/newlib-cygwin/newlib/libc/include -B/home/vkottler/Documents/newlib-cygwin/arm-none-eabi/armv7e-m/libgloss/arm -L/home/vkottler/Documents/newlib-cygwin/arm-none-eabi/armv7e-m/libgloss/libnosys -L/home/vkottler/Documents/newlib-cygwin/libgloss/arm  -mthumb -march=armv7e-m' 'F77= -mthumb -march=armv7e-m' 'GCJ=arm-none-eabi-gcj -B/home/vkottler/Documents/newlib-cygwin/arm-none-eabi/armv7e-m/newlib/ -isystem /home/vkottler/Documents/newlib-cygwin/arm-none-eabi/armv7e-m/newlib/targ-include -isystem /home/vkottler/Documents/newlib-cygwin/newlib/libc/include -B/home/vkottler/Documents/newlib-cygwin/arm-none-eabi/armv7e-m/libgloss/arm -L/home/vkottler/Documents/newlib-cygwin/arm-none-eabi/armv7e-m/libgloss/libnosys -L/home/vkottler/Documents/newlib-cygwin/libgloss/arm  -mthumb -march=armv7e-m' 'GFORTRAN=arm-none-eabi-gfortran -B/home/vkottler/Documents/newlib-cygwin/arm-none-eabi/armv7e-m/newlib/ -isystem /home/vkottler/Documents/newlib-cygwin/arm-none-eabi/armv7e-m/newlib/targ-include -isystem /home/vkottler/Documents/newlib-cygwin/newlib/libc/include -B/home/vkottler/Documents/newlib-cygwin/arm-none-eabi/armv7e-m/libgloss/arm -L/home/vkottler/Documents/newlib-cygwin/arm-none-eabi/armv7e-m/libgloss/libnosys -L/home/vkottler/Documents/newlib-cygwin/libgloss/arm  -mthumb -march=armv7e-m' 'GOC=arm-none-eabi-gccgo -B/home/vkottler/Documents/newlib-cygwin/arm-none-eabi/armv7e-m/newlib/ -isystem /home/vkottler/Documents/newlib-cygwin/arm-none-eabi/armv7e-m/newlib/targ-include -isystem /home/vkottler/Documents/newlib-cygwin/newlib/libc/include -B/home/vkottler/Documents/newlib-cygwin/arm-none-eabi/armv7e-m/libgloss/arm -L/home/vkottler/Documents/newlib-cygwin/arm-none-eabi/armv7e-m/libgloss/libnosys -L/home/vkottler/Documents/newlib-cygwin/libgloss/arm  -mthumb -march=armv7e-m' 'LD_LIBRARY_PATH=' --cache-file=.././config.cache --srcdir=../../../.././libgloss/arm
configure:4542: === configuring in libnosys (/home/vkottler/Documents/newlib-cygwin/arm-none-eabi/armv7e-m/libgloss/libnosys)
configure:4605: running /bin/bash ../../../.././libgloss/libnosys/configure --disable-option-checking '--prefix=/usr/local'  '--with-multisubdir=armv7e-m' '--with-multisrctop=' '--with-newlib' '--enable-multilib' '--with-cross-host=x86_64-pc-linux-gnu' '--disable-newlib-supplied-syscalls' '--program-transform-name=s&^&arm-none-eabi-&' '--with-target-subdir=arm-none-eabi' '--build=x86_64-pc-linux-gnu' '--host=arm-none-eabi' '--target=arm-none-eabi' 'build_alias=x86_64-pc-linux-gnu' 'host_alias=arm-none-eabi' 'target_alias=arm-none-eabi' 'CC=arm-none-eabi-gcc -B/home/vkottler/Documents/newlib-cygwin/arm-none-eabi/armv7e-m/newlib/ -isystem /home/vkottler/Documents/newlib-cygwin/arm-none-eabi/armv7e-m/newlib/targ-include -isystem /home/vkottler/Documents/newlib-cygwin/newlib/libc/include -B/home/vkottler/Documents/newlib-cygwin/arm-none-eabi/armv7e-m/libgloss/arm -L/home/vkottler/Documents/newlib-cygwin/arm-none-eabi/armv7e-m/libgloss/libnosys -L/home/vkottler/Documents/newlib-cygwin/libgloss/arm  -mthumb -march=armv7e-m' 'CXX=arm-none-eabi-c++ -B/home/vkottler/Documents/newlib-cygwin/arm-none-eabi/armv7e-m/newlib/ -isystem /home/vkottler/Documents/newlib-cygwin/arm-none-eabi/armv7e-m/newlib/targ-include -isystem /home/vkottler/Documents/newlib-cygwin/newlib/libc/include -B/home/vkottler/Documents/newlib-cygwin/arm-none-eabi/armv7e-m/libgloss/arm -L/home/vkottler/Documents/newlib-cygwin/arm-none-eabi/armv7e-m/libgloss/libnosys -L/home/vkottler/Documents/newlib-cygwin/libgloss/arm  -mthumb -march=armv7e-m' 'F77= -mthumb -march=armv7e-m' 'GCJ=arm-none-eabi-gcj -B/home/vkottler/Documents/newlib-cygwin/arm-none-eabi/armv7e-m/newlib/ -isystem /home/vkottler/Documents/newlib-cygwin/arm-none-eabi/armv7e-m/newlib/targ-include -isystem /home/vkottler/Documents/newlib-cygwin/newlib/libc/include -B/home/vkottler/Documents/newlib-cygwin/arm-none-eabi/armv7e-m/libgloss/arm -L/home/vkottler/Documents/newlib-cygwin/arm-none-eabi/armv7e-m/libgloss/libnosys -L/home/vkottler/Documents/newlib-cygwin/libgloss/arm  -mthumb -march=armv7e-m' 'GFORTRAN=arm-none-eabi-gfortran -B/home/vkottler/Documents/newlib-cygwin/arm-none-eabi/armv7e-m/newlib/ -isystem /home/vkottler/Documents/newlib-cygwin/arm-none-eabi/armv7e-m/newlib/targ-include -isystem /home/vkottler/Documents/newlib-cygwin/newlib/libc/include -B/home/vkottler/Documents/newlib-cygwin/arm-none-eabi/armv7e-m/libgloss/arm -L/home/vkottler/Documents/newlib-cygwin/arm-none-eabi/armv7e-m/libgloss/libnosys -L/home/vkottler/Documents/newlib-cygwin/libgloss/arm  -mthumb -march=armv7e-m' 'GOC=arm-none-eabi-gccgo -B/home/vkottler/Documents/newlib-cygwin/arm-none-eabi/armv7e-m/newlib/ -isystem /home/vkottler/Documents/newlib-cygwin/arm-none-eabi/armv7e-m/newlib/targ-include -isystem /home/vkottler/Documents/newlib-cygwin/newlib/libc/include -B/home/vkottler/Documents/newlib-cygwin/arm-none-eabi/armv7e-m/libgloss/arm -L/home/vkottler/Documents/newlib-cygwin/arm-none-eabi/armv7e-m/libgloss/libnosys -L/home/vkottler/Documents/newlib-cygwin/libgloss/arm  -mthumb -march=armv7e-m' 'LD_LIBRARY_PATH=' --cache-file=.././config.cache --srcdir=../../../.././libgloss/libnosys

## ---------------- ##
## Cache variables. ##
## ---------------- ##

ac_cv_build=x86_64-pc-linux-gnu
ac_cv_c_compiler_gnu=yes
ac_cv_env_CCASFLAGS_set=
ac_cv_env_CCASFLAGS_value=
ac_cv_env_CCAS_set=
ac_cv_env_CCAS_value=
ac_cv_env_build_alias_set=set
ac_cv_env_build_alias_value=x86_64-pc-linux-gnu
ac_cv_env_host_alias_set=set
ac_cv_env_host_alias_value=arm-none-eabi
ac_cv_env_target_alias_set=set
ac_cv_env_target_alias_value=arm-none-eabi
ac_cv_host=arm-none-eabi
ac_cv_prog_AR=arm-none-eabi-ar
ac_cv_prog_AWK=mawk
ac_cv_prog_CC='arm-none-eabi-gcc -B/home/vkottler/Documents/newlib-cygwin/arm-none-eabi/armv7e-m/newlib/ -isystem /home/vkottler/Documents/newlib-cygwin/arm-none-eabi/armv7e-m/newlib/targ-include -isystem /home/vkottler/Documents/newlib-cygwin/newlib/libc/include -B/home/vkottler/Documents/newlib-cygwin/arm-none-eabi/armv7e-m/libgloss/arm -L/home/vkottler/Documents/newlib-cygwin/arm-none-eabi/armv7e-m/libgloss/libnosys -L/home/vkottler/Documents/newlib-cygwin/libgloss/arm  -mthumb -march=armv7e-m'
ac_cv_prog_RANLIB=arm-none-eabi-ranlib
ac_cv_prog_STRIP=arm-none-eabi-strip
ac_cv_prog_cc_g=no
ac_cv_prog_make_make_set=yes
ac_cv_target=arm-none-eabi
am_cv_CC_dependencies_compiler_type=gcc3

## ----------------- ##
## Output variables. ##
## ----------------- ##

ACLOCAL='${SHELL} /home/vkottler/Documents/newlib-cygwin/missing --run aclocal-1.9'
AMDEPBACKSLASH='\'
AMDEP_FALSE='#'
AMDEP_TRUE=''
AMTAR='${SHELL} /home/vkottler/Documents/newlib-cygwin/missing --run tar'
AR='arm-none-eabi-ar'
AS='arm-none-eabi-as'
AUTOCONF='${SHELL} /home/vkottler/Documents/newlib-cygwin/missing --run autoconf'
AUTOHEADER='${SHELL} /home/vkottler/Documents/newlib-cygwin/missing --run autoheader'
AUTOMAKE='${SHELL} /home/vkottler/Documents/newlib-cygwin/missing --run automake-1.9'
AWK='mawk'
CC='arm-none-eabi-gcc -B/home/vkottler/Documents/newlib-cygwin/arm-none-eabi/armv7e-m/newlib/ -isystem /home/vkottler/Documents/newlib-cygwin/arm-none-eabi/armv7e-m/newlib/targ-include -isystem /home/vkottler/Documents/newlib-cygwin/newlib/libc/include -B/home/vkottler/Documents/newlib-cygwin/arm-none-eabi/armv7e-m/libgloss/arm -L/home/vkottler/Documents/newlib-cygwin/arm-none-eabi/armv7e-m/libgloss/libnosys -L/home/vkottler/Documents/newlib-cygwin/libgloss/arm  -mthumb -march=armv7e-m'
CCAS='arm-none-eabi-gcc -B/home/vkottler/Documents/newlib-cygwin/arm-none-eabi/armv7e-m/newlib/ -isystem /home/vkottler/Documents/newlib-cygwin/arm-none-eabi/armv7e-m/newlib/targ-include -isystem /home/vkottler/Documents/newlib-cygwin/newlib/libc/include -B/home/vkottler/Documents/newlib-cygwin/arm-none-eabi/armv7e-m/libgloss/arm -L/home/vkottler/Documents/newlib-cygwin/arm-none-eabi/armv7e-m/libgloss/libnosys -L/home/vkottler/Documents/newlib-cygwin/libgloss/arm  -mthumb -march=armv7e-m'
CCASFLAGS=''
CCDEPMODE='depmode=gcc3'
CYGPATH_W='echo'
DEFS='-DPACKAGE_NAME=\"libgloss\" -DPACKAGE_TARNAME=\"libgloss\" -DPACKAGE_VERSION=\"LIBGLOSS_VERSION\" -DPACKAGE_STRING=\"libgloss\ LIBGLOSS_VERSION\" -DPACKAGE_BUGREPORT=\"\" -DPACKAGE_URL=\"\"'
DEPDIR='.deps'
ECHO_C=''
ECHO_N='-n'
ECHO_T=''
INSTALL_DATA='/usr/bin/install -c -m 644'
INSTALL_PROGRAM='/usr/bin/install -c'
INSTALL_SCRIPT='/usr/bin/install -c'
INSTALL_STRIP_PROGRAM='${SHELL} $(install_sh) -c -s'
LD='arm-none-eabi-ld'
LIBOBJS=''
LIBS=''
LTLIBOBJS=''
MAKEINFO='/home/vkottler/Documents/newlib-cygwin/missing makeinfo --split-size=5000000'
PACKAGE='libgloss'
PACKAGE_BUGREPORT=''
PACKAGE_NAME='libgloss'
PACKAGE_STRING='libgloss LIBGLOSS_VERSION'
PACKAGE_TARNAME='libgloss'
PACKAGE_URL=''
PACKAGE_VERSION='LIBGLOSS_VERSION'
PATH_SEPARATOR=':'
RANLIB='arm-none-eabi-ranlib'
SET_MAKE=''
SHELL='/bin/bash'
STRIP='arm-none-eabi-strip'
VERSION='LIBGLOSS_VERSION'
am__fastdepCC_FALSE='#'
am__fastdepCC_TRUE=''
am__include='include'
am__leading_dot='.'
am__quote=''
am__tar='${AMTAR} chof - "$$tardir"'
am__untar='${AMTAR} xf -'
bindir='${exec_prefix}/bin'
build='x86_64-pc-linux-gnu'
build_alias='x86_64-pc-linux-gnu'
build_cpu='x86_64'
build_os='linux-gnu'
build_vendor='pc'
datadir='${datarootdir}'
datarootdir='${prefix}/share'
docdir='${datarootdir}/doc/${PACKAGE_TARNAME}'
dvidir='${docdir}'
exec_prefix='${prefix}'
host='arm-none-eabi'
host_alias='arm-none-eabi'
host_cpu='arm'
host_makefile_frag_path='../../.././libgloss/config/default.mh'
host_os='eabi'
host_vendor='none'
htmldir='${docdir}'
includedir='${prefix}/include'
infodir='${datarootdir}/info'
install_sh='/home/vkottler/Documents/newlib-cygwin/install-sh'
libdir='${exec_prefix}/lib'
libexecdir='${exec_prefix}/libexec'
localedir='${datarootdir}/locale'
localstatedir='${prefix}/var'
mandir='${datarootdir}/man'
mkdir_p='mkdir -p --'
oldincludedir='/usr/include'
pdfdir='${docdir}'
prefix='/usr/local'
program_transform_name='s&^&arm-none-eabi-&'
psdir='${docdir}'
sbindir='${exec_prefix}/sbin'
sharedstatedir='${prefix}/com'
subdirs=' arm libnosys'
sysconfdir='${prefix}/etc'
target='arm-none-eabi'
target_alias='arm-none-eabi'
target_cpu='arm'
target_os='eabi'
target_vendor='none'

## ------------------- ##
## File substitutions. ##
## ------------------- ##

host_makefile_frag='../../.././libgloss/config/default.mh'

## ----------- ##
## confdefs.h. ##
## ----------- ##

/* confdefs.h */
#define PACKAGE_NAME "libgloss"
#define PACKAGE_TARNAME "libgloss"
#define PACKAGE_VERSION "LIBGLOSS_VERSION"
#define PACKAGE_STRING "libgloss LIBGLOSS_VERSION"
#define PACKAGE_BUGREPORT ""
#define PACKAGE_URL ""

configure: exit 0
