This file contains any messages produced by compilers while
running configure, to aid debugging if configure makes a mistake.

It was created by newlib configure 2.5.0, which was
generated by GNU Autoconf 2.68.  Invocation command line was

  $ ../../../.././newlib/configure --with-multisubdir=armv7e-m/softfp --with-multisrctop= --enable-multilib --srcdir=../.././newlib --cache-file=./config.cache --with-newlib --enable-multilib --with-cross-host=x86_64-pc-linux-gnu --disable-newlib-supplied-syscalls --program-transform-name=s&^&arm-none-eabi-& --disable-option-checking --with-target-subdir=arm-none-eabi --build=x86_64-pc-linux-gnu --host=arm-none-eabi --target=arm-none-eabi build_alias=x86_64-pc-linux-gnu host_alias=arm-none-eabi target_alias=arm-none-eabi CC=arm-none-eabi-gcc -B/home/vkottler/Documents/newlib-cygwin/arm-none-eabi/newlib/ -isystem /home/vkottler/Documents/newlib-cygwin/arm-none-eabi/newlib/targ-include -isystem /home/vkottler/Documents/newlib-cygwin/newlib/libc/include -B/home/vkottler/Documents/newlib-cygwin/arm-none-eabi/libgloss/arm -L/home/vkottler/Documents/newlib-cygwin/arm-none-eabi/libgloss/libnosys -L/home/vkottler/Documents/newlib-cygwin/libgloss/arm    CFLAGS=-g -O2 LDFLAGS= CPPFLAGS= CC=arm-none-eabi-gcc -B/home/vkottler/Documents/newlib-cygwin/arm-none-eabi/armv7e-m/softfp/newlib/ -isystem /home/vkottler/Documents/newlib-cygwin/arm-none-eabi/armv7e-m/softfp/newlib/targ-include -isystem /home/vkottler/Documents/newlib-cygwin/newlib/libc/include -B/home/vkottler/Documents/newlib-cygwin/arm-none-eabi/armv7e-m/softfp/libgloss/arm -L/home/vkottler/Documents/newlib-cygwin/arm-none-eabi/armv7e-m/softfp/libgloss/libnosys -L/home/vkottler/Documents/newlib-cygwin/libgloss/arm  -mthumb -march=armv7e-m -mfloat-abi=softfp -mfpu=fpv4-sp-d16 CXX=arm-none-eabi-c++ -B/home/vkottler/Documents/newlib-cygwin/arm-none-eabi/armv7e-m/softfp/newlib/ -isystem /home/vkottler/Documents/newlib-cygwin/arm-none-eabi/armv7e-m/softfp/newlib/targ-include -isystem /home/vkottler/Documents/newlib-cygwin/newlib/libc/include -B/home/vkottler/Documents/newlib-cygwin/arm-none-eabi/armv7e-m/softfp/libgloss/arm -L/home/vkottler/Documents/newlib-cygwin/arm-none-eabi/armv7e-m/softfp/libgloss/libnosys -L/home/vkottler/Documents/newlib-cygwin/libgloss/arm  -mthumb -march=armv7e-m -mfloat-abi=softfp -mfpu=fpv4-sp-d16 F77= -mthumb -march=armv7e-m -mfloat-abi=softfp -mfpu=fpv4-sp-d16 GCJ=arm-none-eabi-gcj -B/home/vkottler/Documents/newlib-cygwin/arm-none-eabi/armv7e-m/softfp/newlib/ -isystem /home/vkottler/Documents/newlib-cygwin/arm-none-eabi/armv7e-m/softfp/newlib/targ-include -isystem /home/vkottler/Documents/newlib-cygwin/newlib/libc/include -B/home/vkottler/Documents/newlib-cygwin/arm-none-eabi/armv7e-m/softfp/libgloss/arm -L/home/vkottler/Documents/newlib-cygwin/arm-none-eabi/armv7e-m/softfp/libgloss/libnosys -L/home/vkottler/Documents/newlib-cygwin/libgloss/arm  -mthumb -march=armv7e-m -mfloat-abi=softfp -mfpu=fpv4-sp-d16 GFORTRAN=arm-none-eabi-gfortran -B/home/vkottler/Documents/newlib-cygwin/arm-none-eabi/armv7e-m/softfp/newlib/ -isystem /home/vkottler/Documents/newlib-cygwin/arm-none-eabi/armv7e-m/softfp/newlib/targ-include -isystem /home/vkottler/Documents/newlib-cygwin/newlib/libc/include -B/home/vkottler/Documents/newlib-cygwin/arm-none-eabi/armv7e-m/softfp/libgloss/arm -L/home/vkottler/Documents/newlib-cygwin/arm-none-eabi/armv7e-m/softfp/libgloss/libnosys -L/home/vkottler/Documents/newlib-cygwin/libgloss/arm  -mthumb -march=armv7e-m -mfloat-abi=softfp -mfpu=fpv4-sp-d16 GOC=arm-none-eabi-gccgo -B/home/vkottler/Documents/newlib-cygwin/arm-none-eabi/armv7e-m/softfp/newlib/ -isystem /home/vkottler/Documents/newlib-cygwin/arm-none-eabi/armv7e-m/softfp/newlib/targ-include -isystem /home/vkottler/Documents/newlib-cygwin/newlib/libc/include -B/home/vkottler/Documents/newlib-cygwin/arm-none-eabi/armv7e-m/softfp/libgloss/arm -L/home/vkottler/Documents/newlib-cygwin/arm-none-eabi/armv7e-m/softfp/libgloss/libnosys -L/home/vkottler/Documents/newlib-cygwin/libgloss/arm  -mthumb -march=armv7e-m -mfloat-abi=softfp -mfpu=fpv4-sp-d16 LD_LIBRARY_PATH= -srcdir=../../../.././newlib

## --------- ##
## Platform. ##
## --------- ##

hostname = vaughn-desktop
uname -m = x86_64
uname -r = 4.4.0-78-generic
uname -s = Linux
uname -v = #99-Ubuntu SMP Thu Apr 27 15:29:09 UTC 2017

/usr/bin/uname -p = unknown
/bin/uname -X     = unknown

/bin/arch              = unknown
/usr/bin/arch -k       = unknown
/usr/convex/getsysinfo = unknown
/usr/bin/hostinfo      = unknown
/bin/machine           = unknown
/usr/bin/oslevel       = unknown
/bin/universe          = unknown

PATH: /home/vkottler/bin
PATH: /home/vkottler/.local/bin
PATH: /usr/local/sbin
PATH: /usr/local/bin
PATH: /usr/sbin
PATH: /usr/bin
PATH: /sbin
PATH: /bin
PATH: /usr/games
PATH: /usr/local/games
PATH: /snap/bin
PATH: /home/vkottler/bin/jlink


## ----------- ##
## Core tests. ##
## ----------- ##

configure:2134: creating cache ./config.cache
configure:2496: checking build system type
configure:2510: result: x86_64-pc-linux-gnu
configure:2530: checking host system type
configure:2543: result: arm-none-eabi
configure:2579: checking for a BSD-compatible install
configure:2647: result: /usr/bin/install -c
configure:2658: checking whether build environment is sane
configure:2708: result: yes
configure:2757: checking for arm-none-eabi-strip
configure:2784: result: arm-none-eabi-strip
configure:2849: checking for a thread-safe mkdir -p
configure:2888: result: /bin/mkdir -p
configure:2901: checking for gawk
configure:2928: result: mawk
configure:2939: checking whether make sets $(MAKE)
configure:2961: result: yes
configure:2991: checking for style of include used by make
configure:3019: result: GNU
configure:3229: checking for gcc
configure:3256: result: arm-none-eabi-gcc -B/home/vkottler/Documents/newlib-cygwin/arm-none-eabi/armv7e-m/softfp/newlib/ -isystem /home/vkottler/Documents/newlib-cygwin/arm-none-eabi/armv7e-m/softfp/newlib/targ-include -isystem /home/vkottler/Documents/newlib-cygwin/newlib/libc/include -B/home/vkottler/Documents/newlib-cygwin/arm-none-eabi/armv7e-m/softfp/libgloss/arm -L/home/vkottler/Documents/newlib-cygwin/arm-none-eabi/armv7e-m/softfp/libgloss/libnosys -L/home/vkottler/Documents/newlib-cygwin/libgloss/arm  -mthumb -march=armv7e-m -mfloat-abi=softfp -mfpu=fpv4-sp-d16
configure:3267: checking dependency style of arm-none-eabi-gcc -B/home/vkottler/Documents/newlib-cygwin/arm-none-eabi/armv7e-m/softfp/newlib/ -isystem /home/vkottler/Documents/newlib-cygwin/arm-none-eabi/armv7e-m/softfp/newlib/targ-include -isystem /home/vkottler/Documents/newlib-cygwin/newlib/libc/include -B/home/vkottler/Documents/newlib-cygwin/arm-none-eabi/armv7e-m/softfp/libgloss/arm -L/home/vkottler/Documents/newlib-cygwin/arm-none-eabi/armv7e-m/softfp/libgloss/libnosys -L/home/vkottler/Documents/newlib-cygwin/libgloss/arm  -mthumb -march=armv7e-m -mfloat-abi=softfp -mfpu=fpv4-sp-d16
configure:3378: result: gcc3
configure:3451: checking whether we are using GNU C
configure:3462: arm-none-eabi-gcc -B/home/vkottler/Documents/newlib-cygwin/arm-none-eabi/armv7e-m/softfp/newlib/ -isystem /home/vkottler/Documents/newlib-cygwin/arm-none-eabi/armv7e-m/softfp/newlib/targ-include -isystem /home/vkottler/Documents/newlib-cygwin/newlib/libc/include -B/home/vkottler/Documents/newlib-cygwin/arm-none-eabi/armv7e-m/softfp/libgloss/arm -L/home/vkottler/Documents/newlib-cygwin/arm-none-eabi/armv7e-m/softfp/libgloss/libnosys -L/home/vkottler/Documents/newlib-cygwin/libgloss/arm  -mthumb -march=armv7e-m -mfloat-abi=softfp -mfpu=fpv4-sp-d16 -E conftest.c
configure:3465: $? = 0
configure:3472: result: yes
configure:3481: checking whether arm-none-eabi-gcc -B/home/vkottler/Documents/newlib-cygwin/arm-none-eabi/armv7e-m/softfp/newlib/ -isystem /home/vkottler/Documents/newlib-cygwin/arm-none-eabi/armv7e-m/softfp/newlib/targ-include -isystem /home/vkottler/Documents/newlib-cygwin/newlib/libc/include -B/home/vkottler/Documents/newlib-cygwin/arm-none-eabi/armv7e-m/softfp/libgloss/arm -L/home/vkottler/Documents/newlib-cygwin/arm-none-eabi/armv7e-m/softfp/libgloss/libnosys -L/home/vkottler/Documents/newlib-cygwin/libgloss/arm  -mthumb -march=armv7e-m -mfloat-abi=softfp -mfpu=fpv4-sp-d16 accepts -g
configure:3501: arm-none-eabi-gcc -B/home/vkottler/Documents/newlib-cygwin/arm-none-eabi/armv7e-m/softfp/newlib/ -isystem /home/vkottler/Documents/newlib-cygwin/arm-none-eabi/armv7e-m/softfp/newlib/targ-include -isystem /home/vkottler/Documents/newlib-cygwin/newlib/libc/include -B/home/vkottler/Documents/newlib-cygwin/arm-none-eabi/armv7e-m/softfp/libgloss/arm -L/home/vkottler/Documents/newlib-cygwin/arm-none-eabi/armv7e-m/softfp/libgloss/libnosys -L/home/vkottler/Documents/newlib-cygwin/libgloss/arm  -mthumb -march=armv7e-m -mfloat-abi=softfp -mfpu=fpv4-sp-d16 -c -g  conftest.c >&5
configure:3501: $? = 0
configure: failed program was:
| /* confdefs.h */
| #define PACKAGE_NAME "newlib"
| #define PACKAGE_TARNAME "newlib"
| #define PACKAGE_VERSION "2.5.0"
| #define PACKAGE_STRING "newlib 2.5.0"
| #define PACKAGE_BUGREPORT ""
| #define PACKAGE_URL ""
| /* end confdefs.h.  */
| 
| int
| main ()
| {
| 
|   ;
|   return 0;
| }
configure:3516: arm-none-eabi-gcc -B/home/vkottler/Documents/newlib-cygwin/arm-none-eabi/armv7e-m/softfp/newlib/ -isystem /home/vkottler/Documents/newlib-cygwin/arm-none-eabi/armv7e-m/softfp/newlib/targ-include -isystem /home/vkottler/Documents/newlib-cygwin/newlib/libc/include -B/home/vkottler/Documents/newlib-cygwin/arm-none-eabi/armv7e-m/softfp/libgloss/arm -L/home/vkottler/Documents/newlib-cygwin/arm-none-eabi/armv7e-m/softfp/libgloss/libnosys -L/home/vkottler/Documents/newlib-cygwin/libgloss/arm  -mthumb -march=armv7e-m -mfloat-abi=softfp -mfpu=fpv4-sp-d16 -c   conftest.c >&5
configure:3516: $? = 0
configure: failed program was:
| /* confdefs.h */
| #define PACKAGE_NAME "newlib"
| #define PACKAGE_TARNAME "newlib"
| #define PACKAGE_VERSION "2.5.0"
| #define PACKAGE_STRING "newlib 2.5.0"
| #define PACKAGE_BUGREPORT ""
| #define PACKAGE_URL ""
| /* end confdefs.h.  */
| 
| int
| main ()
| {
| 
|   ;
|   return 0;
| }
configure:3532: arm-none-eabi-gcc -B/home/vkottler/Documents/newlib-cygwin/arm-none-eabi/armv7e-m/softfp/newlib/ -isystem /home/vkottler/Documents/newlib-cygwin/arm-none-eabi/armv7e-m/softfp/newlib/targ-include -isystem /home/vkottler/Documents/newlib-cygwin/newlib/libc/include -B/home/vkottler/Documents/newlib-cygwin/arm-none-eabi/armv7e-m/softfp/libgloss/arm -L/home/vkottler/Documents/newlib-cygwin/arm-none-eabi/armv7e-m/softfp/libgloss/libnosys -L/home/vkottler/Documents/newlib-cygwin/libgloss/arm  -mthumb -march=armv7e-m -mfloat-abi=softfp -mfpu=fpv4-sp-d16 -c -g  conftest.c >&5
configure:3532: $? = 0
configure: failed program was:
| /* confdefs.h */
| #define PACKAGE_NAME "newlib"
| #define PACKAGE_TARNAME "newlib"
| #define PACKAGE_VERSION "2.5.0"
| #define PACKAGE_STRING "newlib 2.5.0"
| #define PACKAGE_BUGREPORT ""
| #define PACKAGE_URL ""
| /* end confdefs.h.  */
| 
| int
| main ()
| {
| 
|   ;
|   return 0;
| }
configure:3542: result: no
configure:3575: checking for arm-none-eabi-as
configure:3602: result: arm-none-eabi-as
configure:3667: checking for arm-none-eabi-ar
configure:3694: result: arm-none-eabi-ar
configure:3759: checking for arm-none-eabi-ranlib
configure:3786: result: arm-none-eabi-ranlib
configure:3851: checking for arm-none-eabi-readelf
configure:3878: result: arm-none-eabi-readelf
configure:3947: checking whether to enable maintainer-specific portions of Makefiles
configure:3956: result: no
configure:4066: checking for a sed that does not truncate output
configure:4130: result: /bin/sed
configure:4152: checking how to print strings
configure:4179: result: printf
configure:4204: checking for gawk
configure:4231: result: mawk
configure:12554: checking for .preinit_array/.init_array/.fini_array support
configure:12567: arm-none-eabi-gcc -B/home/vkottler/Documents/newlib-cygwin/arm-none-eabi/armv7e-m/softfp/newlib/ -isystem /home/vkottler/Documents/newlib-cygwin/arm-none-eabi/armv7e-m/softfp/newlib/targ-include -isystem /home/vkottler/Documents/newlib-cygwin/newlib/libc/include -B/home/vkottler/Documents/newlib-cygwin/arm-none-eabi/armv7e-m/softfp/libgloss/arm -L/home/vkottler/Documents/newlib-cygwin/arm-none-eabi/armv7e-m/softfp/libgloss/libnosys -L/home/vkottler/Documents/newlib-cygwin/libgloss/arm  -mthumb -march=armv7e-m -mfloat-abi=softfp -mfpu=fpv4-sp-d16 -g -O2  -c -o conftest conftest.c
							1>&5
configure:12570: $? = 0
configure:12583: result: yes
configure:12594: checking if arm-none-eabi-gcc -B/home/vkottler/Documents/newlib-cygwin/arm-none-eabi/armv7e-m/softfp/newlib/ -isystem /home/vkottler/Documents/newlib-cygwin/arm-none-eabi/armv7e-m/softfp/newlib/targ-include -isystem /home/vkottler/Documents/newlib-cygwin/newlib/libc/include -B/home/vkottler/Documents/newlib-cygwin/arm-none-eabi/armv7e-m/softfp/libgloss/arm -L/home/vkottler/Documents/newlib-cygwin/arm-none-eabi/armv7e-m/softfp/libgloss/libnosys -L/home/vkottler/Documents/newlib-cygwin/libgloss/arm  -mthumb -march=armv7e-m -mfloat-abi=softfp -mfpu=fpv4-sp-d16 accepts -fno-tree-loop-distribute-patterns with __attribute__ ((__optimize__))
configure:12608: arm-none-eabi-gcc -B/home/vkottler/Documents/newlib-cygwin/arm-none-eabi/armv7e-m/softfp/newlib/ -isystem /home/vkottler/Documents/newlib-cygwin/arm-none-eabi/armv7e-m/softfp/newlib/targ-include -isystem /home/vkottler/Documents/newlib-cygwin/newlib/libc/include -B/home/vkottler/Documents/newlib-cygwin/arm-none-eabi/armv7e-m/softfp/libgloss/arm -L/home/vkottler/Documents/newlib-cygwin/arm-none-eabi/armv7e-m/softfp/libgloss/libnosys -L/home/vkottler/Documents/newlib-cygwin/libgloss/arm  -mthumb -march=armv7e-m -mfloat-abi=softfp -mfpu=fpv4-sp-d16 -g -O2  -c
			    -fno-tree-loop-distribute-patterns conftest.c
configure:12611: $? = 0
configure:12618: result: yes
configure:12626: checking whether long double type exists
configure:12646: arm-none-eabi-gcc -B/home/vkottler/Documents/newlib-cygwin/arm-none-eabi/armv7e-m/softfp/newlib/ -isystem /home/vkottler/Documents/newlib-cygwin/arm-none-eabi/armv7e-m/softfp/newlib/targ-include -isystem /home/vkottler/Documents/newlib-cygwin/newlib/libc/include -B/home/vkottler/Documents/newlib-cygwin/arm-none-eabi/armv7e-m/softfp/libgloss/arm -L/home/vkottler/Documents/newlib-cygwin/arm-none-eabi/armv7e-m/softfp/libgloss/libnosys -L/home/vkottler/Documents/newlib-cygwin/libgloss/arm  -mthumb -march=armv7e-m -mfloat-abi=softfp -mfpu=fpv4-sp-d16 -g -O2  -c -o conftest.o conftest.c
							1>&5
configure:12649: $? = 0
configure:12658: result: yes
configure:12675: checking whether long double equals double
configure:12691: arm-none-eabi-gcc -B/home/vkottler/Documents/newlib-cygwin/arm-none-eabi/armv7e-m/softfp/newlib/ -isystem /home/vkottler/Documents/newlib-cygwin/arm-none-eabi/armv7e-m/softfp/newlib/targ-include -isystem /home/vkottler/Documents/newlib-cygwin/newlib/libc/include -B/home/vkottler/Documents/newlib-cygwin/arm-none-eabi/armv7e-m/softfp/libgloss/arm -L/home/vkottler/Documents/newlib-cygwin/arm-none-eabi/armv7e-m/softfp/libgloss/libnosys -L/home/vkottler/Documents/newlib-cygwin/libgloss/arm  -mthumb -march=armv7e-m -mfloat-abi=softfp -mfpu=fpv4-sp-d16 -g -O2  -c -o conftest.o conftest.c
							1>&5
configure:12694: $? = 0
configure:12703: result: yes
configure:12781: updating cache ./config.cache
configure:12902: creating ./config.status

## ---------------------- ##
## Running config.status. ##
## ---------------------- ##

This file was extended by newlib config.status 2.5.0, which was
generated by GNU Autoconf 2.68.  Invocation command line was

  CONFIG_FILES    = 
  CONFIG_HEADERS  = 
  CONFIG_LINKS    = 
  CONFIG_COMMANDS = 
  $ ./config.status 

on vaughn-desktop

config.status:1153: creating Makefile
config.status:1153: creating _newlib_version.h
config.status:1153: creating newlib.h
config.status:1367: executing depfiles commands
configure:15222: === configuring in libc (/home/vkottler/Documents/newlib-cygwin/arm-none-eabi/armv7e-m/softfp/newlib/libc)
configure:15285: running /bin/bash ../../../../.././newlib/libc/configure --disable-option-checking '--prefix=/usr/local'  '--with-multisubdir=armv7e-m/softfp' '--with-multisrctop=' '--with-newlib' '--enable-multilib' '--with-cross-host=x86_64-pc-linux-gnu' '--disable-newlib-supplied-syscalls' '--program-transform-name=s&^&arm-none-eabi-&' '--with-target-subdir=arm-none-eabi' '--build=x86_64-pc-linux-gnu' '--host=arm-none-eabi' '--target=arm-none-eabi' 'build_alias=x86_64-pc-linux-gnu' 'host_alias=arm-none-eabi' 'target_alias=arm-none-eabi' 'CC=arm-none-eabi-gcc -B/home/vkottler/Documents/newlib-cygwin/arm-none-eabi/newlib/ -isystem /home/vkottler/Documents/newlib-cygwin/arm-none-eabi/newlib/targ-include -isystem /home/vkottler/Documents/newlib-cygwin/newlib/libc/include -B/home/vkottler/Documents/newlib-cygwin/arm-none-eabi/libgloss/arm -L/home/vkottler/Documents/newlib-cygwin/arm-none-eabi/libgloss/libnosys -L/home/vkottler/Documents/newlib-cygwin/libgloss/arm   ' 'CFLAGS=-g -O2' 'LDFLAGS=' 'CPPFLAGS=' 'CC=arm-none-eabi-gcc -B/home/vkottler/Documents/newlib-cygwin/arm-none-eabi/armv7e-m/softfp/newlib/ -isystem /home/vkottler/Documents/newlib-cygwin/arm-none-eabi/armv7e-m/softfp/newlib/targ-include -isystem /home/vkottler/Documents/newlib-cygwin/newlib/libc/include -B/home/vkottler/Documents/newlib-cygwin/arm-none-eabi/armv7e-m/softfp/libgloss/arm -L/home/vkottler/Documents/newlib-cygwin/arm-none-eabi/armv7e-m/softfp/libgloss/libnosys -L/home/vkottler/Documents/newlib-cygwin/libgloss/arm  -mthumb -march=armv7e-m -mfloat-abi=softfp -mfpu=fpv4-sp-d16' 'CXX=arm-none-eabi-c++ -B/home/vkottler/Documents/newlib-cygwin/arm-none-eabi/armv7e-m/softfp/newlib/ -isystem /home/vkottler/Documents/newlib-cygwin/arm-none-eabi/armv7e-m/softfp/newlib/targ-include -isystem /home/vkottler/Documents/newlib-cygwin/newlib/libc/include -B/home/vkottler/Documents/newlib-cygwin/arm-none-eabi/armv7e-m/softfp/libgloss/arm -L/home/vkottler/Documents/newlib-cygwin/arm-none-eabi/armv7e-m/softfp/libgloss/libnosys -L/home/vkottler/Documents/newlib-cygwin/libgloss/arm  -mthumb -march=armv7e-m -mfloat-abi=softfp -mfpu=fpv4-sp-d16' 'F77= -mthumb -march=armv7e-m -mfloat-abi=softfp -mfpu=fpv4-sp-d16' 'GCJ=arm-none-eabi-gcj -B/home/vkottler/Documents/newlib-cygwin/arm-none-eabi/armv7e-m/softfp/newlib/ -isystem /home/vkottler/Documents/newlib-cygwin/arm-none-eabi/armv7e-m/softfp/newlib/targ-include -isystem /home/vkottler/Documents/newlib-cygwin/newlib/libc/include -B/home/vkottler/Documents/newlib-cygwin/arm-none-eabi/armv7e-m/softfp/libgloss/arm -L/home/vkottler/Documents/newlib-cygwin/arm-none-eabi/armv7e-m/softfp/libgloss/libnosys -L/home/vkottler/Documents/newlib-cygwin/libgloss/arm  -mthumb -march=armv7e-m -mfloat-abi=softfp -mfpu=fpv4-sp-d16' 'GFORTRAN=arm-none-eabi-gfortran -B/home/vkottler/Documents/newlib-cygwin/arm-none-eabi/armv7e-m/softfp/newlib/ -isystem /home/vkottler/Documents/newlib-cygwin/arm-none-eabi/armv7e-m/softfp/newlib/targ-include -isystem /home/vkottler/Documents/newlib-cygwin/newlib/libc/include -B/home/vkottler/Documents/newlib-cygwin/arm-none-eabi/armv7e-m/softfp/libgloss/arm -L/home/vkottler/Documents/newlib-cygwin/arm-none-eabi/armv7e-m/softfp/libgloss/libnosys -L/home/vkottler/Documents/newlib-cygwin/libgloss/arm  -mthumb -march=armv7e-m -mfloat-abi=softfp -mfpu=fpv4-sp-d16' 'GOC=arm-none-eabi-gccgo -B/home/vkottler/Documents/newlib-cygwin/arm-none-eabi/armv7e-m/softfp/newlib/ -isystem /home/vkottler/Documents/newlib-cygwin/arm-none-eabi/armv7e-m/softfp/newlib/targ-include -isystem /home/vkottler/Documents/newlib-cygwin/newlib/libc/include -B/home/vkottler/Documents/newlib-cygwin/arm-none-eabi/armv7e-m/softfp/libgloss/arm -L/home/vkottler/Documents/newlib-cygwin/arm-none-eabi/armv7e-m/softfp/libgloss/libnosys -L/home/vkottler/Documents/newlib-cygwin/libgloss/arm  -mthumb -march=armv7e-m -mfloat-abi=softfp -mfpu=fpv4-sp-d16' 'LD_LIBRARY_PATH=' --cache-file=.././config.cache --srcdir=../../../../.././newlib/libc
configure:15222: === configuring in libm (/home/vkottler/Documents/newlib-cygwin/arm-none-eabi/armv7e-m/softfp/newlib/libm)
configure:15285: running /bin/bash ../../../../.././newlib/libm/configure --disable-option-checking '--prefix=/usr/local'  '--with-multisubdir=armv7e-m/softfp' '--with-multisrctop=' '--with-newlib' '--enable-multilib' '--with-cross-host=x86_64-pc-linux-gnu' '--disable-newlib-supplied-syscalls' '--program-transform-name=s&^&arm-none-eabi-&' '--with-target-subdir=arm-none-eabi' '--build=x86_64-pc-linux-gnu' '--host=arm-none-eabi' '--target=arm-none-eabi' 'build_alias=x86_64-pc-linux-gnu' 'host_alias=arm-none-eabi' 'target_alias=arm-none-eabi' 'CC=arm-none-eabi-gcc -B/home/vkottler/Documents/newlib-cygwin/arm-none-eabi/newlib/ -isystem /home/vkottler/Documents/newlib-cygwin/arm-none-eabi/newlib/targ-include -isystem /home/vkottler/Documents/newlib-cygwin/newlib/libc/include -B/home/vkottler/Documents/newlib-cygwin/arm-none-eabi/libgloss/arm -L/home/vkottler/Documents/newlib-cygwin/arm-none-eabi/libgloss/libnosys -L/home/vkottler/Documents/newlib-cygwin/libgloss/arm   ' 'CFLAGS=-g -O2' 'LDFLAGS=' 'CPPFLAGS=' 'CC=arm-none-eabi-gcc -B/home/vkottler/Documents/newlib-cygwin/arm-none-eabi/armv7e-m/softfp/newlib/ -isystem /home/vkottler/Documents/newlib-cygwin/arm-none-eabi/armv7e-m/softfp/newlib/targ-include -isystem /home/vkottler/Documents/newlib-cygwin/newlib/libc/include -B/home/vkottler/Documents/newlib-cygwin/arm-none-eabi/armv7e-m/softfp/libgloss/arm -L/home/vkottler/Documents/newlib-cygwin/arm-none-eabi/armv7e-m/softfp/libgloss/libnosys -L/home/vkottler/Documents/newlib-cygwin/libgloss/arm  -mthumb -march=armv7e-m -mfloat-abi=softfp -mfpu=fpv4-sp-d16' 'CXX=arm-none-eabi-c++ -B/home/vkottler/Documents/newlib-cygwin/arm-none-eabi/armv7e-m/softfp/newlib/ -isystem /home/vkottler/Documents/newlib-cygwin/arm-none-eabi/armv7e-m/softfp/newlib/targ-include -isystem /home/vkottler/Documents/newlib-cygwin/newlib/libc/include -B/home/vkottler/Documents/newlib-cygwin/arm-none-eabi/armv7e-m/softfp/libgloss/arm -L/home/vkottler/Documents/newlib-cygwin/arm-none-eabi/armv7e-m/softfp/libgloss/libnosys -L/home/vkottler/Documents/newlib-cygwin/libgloss/arm  -mthumb -march=armv7e-m -mfloat-abi=softfp -mfpu=fpv4-sp-d16' 'F77= -mthumb -march=armv7e-m -mfloat-abi=softfp -mfpu=fpv4-sp-d16' 'GCJ=arm-none-eabi-gcj -B/home/vkottler/Documents/newlib-cygwin/arm-none-eabi/armv7e-m/softfp/newlib/ -isystem /home/vkottler/Documents/newlib-cygwin/arm-none-eabi/armv7e-m/softfp/newlib/targ-include -isystem /home/vkottler/Documents/newlib-cygwin/newlib/libc/include -B/home/vkottler/Documents/newlib-cygwin/arm-none-eabi/armv7e-m/softfp/libgloss/arm -L/home/vkottler/Documents/newlib-cygwin/arm-none-eabi/armv7e-m/softfp/libgloss/libnosys -L/home/vkottler/Documents/newlib-cygwin/libgloss/arm  -mthumb -march=armv7e-m -mfloat-abi=softfp -mfpu=fpv4-sp-d16' 'GFORTRAN=arm-none-eabi-gfortran -B/home/vkottler/Documents/newlib-cygwin/arm-none-eabi/armv7e-m/softfp/newlib/ -isystem /home/vkottler/Documents/newlib-cygwin/arm-none-eabi/armv7e-m/softfp/newlib/targ-include -isystem /home/vkottler/Documents/newlib-cygwin/newlib/libc/include -B/home/vkottler/Documents/newlib-cygwin/arm-none-eabi/armv7e-m/softfp/libgloss/arm -L/home/vkottler/Documents/newlib-cygwin/arm-none-eabi/armv7e-m/softfp/libgloss/libnosys -L/home/vkottler/Documents/newlib-cygwin/libgloss/arm  -mthumb -march=armv7e-m -mfloat-abi=softfp -mfpu=fpv4-sp-d16' 'GOC=arm-none-eabi-gccgo -B/home/vkottler/Documents/newlib-cygwin/arm-none-eabi/armv7e-m/softfp/newlib/ -isystem /home/vkottler/Documents/newlib-cygwin/arm-none-eabi/armv7e-m/softfp/newlib/targ-include -isystem /home/vkottler/Documents/newlib-cygwin/newlib/libc/include -B/home/vkottler/Documents/newlib-cygwin/arm-none-eabi/armv7e-m/softfp/libgloss/arm -L/home/vkottler/Documents/newlib-cygwin/arm-none-eabi/armv7e-m/softfp/libgloss/libnosys -L/home/vkottler/Documents/newlib-cygwin/libgloss/arm  -mthumb -march=armv7e-m -mfloat-abi=softfp -mfpu=fpv4-sp-d16' 'LD_LIBRARY_PATH=' --cache-file=.././config.cache --srcdir=../../../../.././newlib/libm

## ---------------- ##
## Cache variables. ##
## ---------------- ##

ac_cv_build=x86_64-pc-linux-gnu
ac_cv_c_compiler_gnu=yes
ac_cv_env_CCASFLAGS_set=
ac_cv_env_CCASFLAGS_value=
ac_cv_env_CCAS_set=
ac_cv_env_CCAS_value=
ac_cv_env_CC_set=set
ac_cv_env_CC_value='arm-none-eabi-gcc -B/home/vkottler/Documents/newlib-cygwin/arm-none-eabi/armv7e-m/softfp/newlib/ -isystem /home/vkottler/Documents/newlib-cygwin/arm-none-eabi/armv7e-m/softfp/newlib/targ-include -isystem /home/vkottler/Documents/newlib-cygwin/newlib/libc/include -B/home/vkottler/Documents/newlib-cygwin/arm-none-eabi/armv7e-m/softfp/libgloss/arm -L/home/vkottler/Documents/newlib-cygwin/arm-none-eabi/armv7e-m/softfp/libgloss/libnosys -L/home/vkottler/Documents/newlib-cygwin/libgloss/arm  -mthumb -march=armv7e-m -mfloat-abi=softfp -mfpu=fpv4-sp-d16'
ac_cv_env_CFLAGS_set=set
ac_cv_env_CFLAGS_value='-g -O2'
ac_cv_env_CPPFLAGS_set=set
ac_cv_env_CPPFLAGS_value=
ac_cv_env_CPP_set=
ac_cv_env_CPP_value=
ac_cv_env_LDFLAGS_set=set
ac_cv_env_LDFLAGS_value=
ac_cv_env_LIBS_set=
ac_cv_env_LIBS_value=
ac_cv_env_build_alias_set=set
ac_cv_env_build_alias_value=x86_64-pc-linux-gnu
ac_cv_env_host_alias_set=set
ac_cv_env_host_alias_value=arm-none-eabi
ac_cv_env_target_alias_set=set
ac_cv_env_target_alias_value=arm-none-eabi
ac_cv_host=arm-none-eabi
ac_cv_path_SED=/bin/sed
ac_cv_path_mkdir=/bin/mkdir
ac_cv_prog_AR=arm-none-eabi-ar
ac_cv_prog_AS=arm-none-eabi-as
ac_cv_prog_AWK=mawk
ac_cv_prog_CC='arm-none-eabi-gcc -B/home/vkottler/Documents/newlib-cygwin/arm-none-eabi/armv7e-m/softfp/newlib/ -isystem /home/vkottler/Documents/newlib-cygwin/arm-none-eabi/armv7e-m/softfp/newlib/targ-include -isystem /home/vkottler/Documents/newlib-cygwin/newlib/libc/include -B/home/vkottler/Documents/newlib-cygwin/arm-none-eabi/armv7e-m/softfp/libgloss/arm -L/home/vkottler/Documents/newlib-cygwin/arm-none-eabi/armv7e-m/softfp/libgloss/libnosys -L/home/vkottler/Documents/newlib-cygwin/libgloss/arm  -mthumb -march=armv7e-m -mfloat-abi=softfp -mfpu=fpv4-sp-d16'
ac_cv_prog_RANLIB=arm-none-eabi-ranlib
ac_cv_prog_READELF=arm-none-eabi-readelf
ac_cv_prog_STRIP=arm-none-eabi-strip
ac_cv_prog_cc_g=no
ac_cv_prog_make_make_set=yes
acnewlib_cv_type_long_double=yes
am_cv_CC_dependencies_compiler_type=gcc3
libc_cv_cc_loop_to_function=yes
libc_cv_initfinit_array=yes
newlib_cv_ldbl_eq_dbl=yes

## ----------------- ##
## Output variables. ##
## ----------------- ##

ACLOCAL='${SHELL} /home/vkottler/Documents/newlib-cygwin/missing --run aclocal-1.11'
AMDEPBACKSLASH='\'
AMDEP_FALSE='#'
AMDEP_TRUE=''
AMTAR='$${TAR-tar}'
AR='arm-none-eabi-ar'
AS='arm-none-eabi-as'
AUTOCONF='${SHELL} /home/vkottler/Documents/newlib-cygwin/missing --run autoconf'
AUTOHEADER='${SHELL} /home/vkottler/Documents/newlib-cygwin/missing --run autoheader'
AUTOMAKE='${SHELL} /home/vkottler/Documents/newlib-cygwin/missing --run automake-1.11'
AWK='mawk'
CC='arm-none-eabi-gcc -B/home/vkottler/Documents/newlib-cygwin/arm-none-eabi/armv7e-m/softfp/newlib/ -isystem /home/vkottler/Documents/newlib-cygwin/arm-none-eabi/armv7e-m/softfp/newlib/targ-include -isystem /home/vkottler/Documents/newlib-cygwin/newlib/libc/include -B/home/vkottler/Documents/newlib-cygwin/arm-none-eabi/armv7e-m/softfp/libgloss/arm -L/home/vkottler/Documents/newlib-cygwin/arm-none-eabi/armv7e-m/softfp/libgloss/libnosys -L/home/vkottler/Documents/newlib-cygwin/libgloss/arm  -mthumb -march=armv7e-m -mfloat-abi=softfp -mfpu=fpv4-sp-d16'
CCAS='arm-none-eabi-gcc -B/home/vkottler/Documents/newlib-cygwin/arm-none-eabi/armv7e-m/softfp/newlib/ -isystem /home/vkottler/Documents/newlib-cygwin/arm-none-eabi/armv7e-m/softfp/newlib/targ-include -isystem /home/vkottler/Documents/newlib-cygwin/newlib/libc/include -B/home/vkottler/Documents/newlib-cygwin/arm-none-eabi/armv7e-m/softfp/libgloss/arm -L/home/vkottler/Documents/newlib-cygwin/arm-none-eabi/armv7e-m/softfp/libgloss/libnosys -L/home/vkottler/Documents/newlib-cygwin/libgloss/arm  -mthumb -march=armv7e-m -mfloat-abi=softfp -mfpu=fpv4-sp-d16'
CCASFLAGS='-g -O2'
CCDEPMODE='depmode=gcc3'
CC_FOR_BUILD='gcc'
CC_FOR_NEWLIB='arm-none-eabi-gcc -B/home/vkottler/Documents/newlib-cygwin/arm-none-eabi/armv7e-m/softfp/newlib/ -isystem /home/vkottler/Documents/newlib-cygwin/arm-none-eabi/armv7e-m/softfp/newlib/targ-include -isystem /home/vkottler/Documents/newlib-cygwin/newlib/libc/include -B/home/vkottler/Documents/newlib-cygwin/arm-none-eabi/armv7e-m/softfp/libgloss/arm -L/home/vkottler/Documents/newlib-cygwin/arm-none-eabi/armv7e-m/softfp/libgloss/libnosys -L/home/vkottler/Documents/newlib-cygwin/libgloss/arm  -mthumb -march=armv7e-m -mfloat-abi=softfp -mfpu=fpv4-sp-d16'
CFLAGS='-g -O2'
CPP=''
CPPFLAGS=''
CRT0=''
CRT0_DIR=''
CRT1=''
CRT1_DIR=''
CYGPATH_W='echo'
DEFS='-DHAVE_CONFIG_H'
DEPDIR='.deps'
DLLTOOL='arm-none-eabi-dlltool'
DSYMUTIL=''
DUMPBIN=''
ECHO_C=''
ECHO_N='-n'
ECHO_T=''
EGREP=''
ELIX_LEVEL_0_FALSE='#'
ELIX_LEVEL_0_TRUE=''
ELIX_LEVEL_1_FALSE=''
ELIX_LEVEL_1_TRUE='#'
ELIX_LEVEL_2_FALSE=''
ELIX_LEVEL_2_TRUE='#'
ELIX_LEVEL_3_FALSE=''
ELIX_LEVEL_3_TRUE='#'
ELIX_LEVEL_4_FALSE=''
ELIX_LEVEL_4_TRUE='#'
EXEEXT=''
EXTRA_DIRS=''
FGREP=''
GREP=''
HAVE_CRT0_FALSE=''
HAVE_CRT0_TRUE='#'
HAVE_DOC_FALSE=''
HAVE_DOC_TRUE='#'
HAVE_LONG_DOUBLE_FALSE='#'
HAVE_LONG_DOUBLE_TRUE=''
HAVE_MULTISUBDIR_FALSE='#'
HAVE_MULTISUBDIR_TRUE=''
INSTALL_DATA='/usr/bin/install -c -m 644'
INSTALL_PROGRAM='/usr/bin/install -c'
INSTALL_SCRIPT='/usr/bin/install -c'
INSTALL_STRIP_PROGRAM='$(install_sh) -c -s'
LD='arm-none-eabi-ld'
LDFLAGS=''
LIBM_MACHINE_OBJECTLIST='libm/machine/arm/objectlist.awk.in'
LIBOBJS=''
LIBS=''
LIBTOOL=''
LIPO='arm-none-eabi-lipo'
LN_S=''
LTLIBOBJS=''
MACHINE_OBJECTLIST='libc/machine/arm/objectlist.awk.in'
MAINT='#'
MAINTAINER_MODE_FALSE=''
MAINTAINER_MODE_TRUE='#'
MAKEINFO='/home/vkottler/Documents/newlib-cygwin/missing makeinfo --split-size=5000000'
MAY_SUPPLY_SYSCALLS_FALSE=''
MAY_SUPPLY_SYSCALLS_TRUE='#'
MKDIR_P='/bin/mkdir -p'
NEWLIB_CFLAGS=' -D__NO_SYSCALLS__ -fno-builtin'
NEWLIB_HW_FP_FALSE=''
NEWLIB_HW_FP_TRUE='#'
NM='arm-none-eabi-nm'
NMEDIT=''
NO_INCLUDE_LIST=' rpc/types.h rpc/xdr.h'
OBJDUMP='arm-none-eabi-objdump'
OBJEXT='o'
OTOOL64=''
OTOOL=''
PACKAGE='newlib'
PACKAGE_BUGREPORT=''
PACKAGE_NAME='newlib'
PACKAGE_STRING='newlib 2.5.0'
PACKAGE_TARNAME='newlib'
PACKAGE_URL=''
PACKAGE_VERSION='2.5.0'
PATH_SEPARATOR=':'
POSIX_OBJECTLIST=''
RANLIB='arm-none-eabi-ranlib'
READELF='arm-none-eabi-readelf'
SED='/bin/sed'
SET_MAKE=''
SHELL='/bin/bash'
SIGNAL_OBJECTLIST='libc/signal/objectlist.awk.in'
STDIO64_OBJECTLIST=''
STRIP='arm-none-eabi-strip'
SYSCALL_OBJECTLIST='libc/syscalls/objectlist.awk.in'
SYS_MACH_OBJECTLIST=''
SYS_OBJECTLIST='libc/sys/arm/objectlist.awk.in'
UNIX_OBJECTLIST=''
USE_LIBTOOL_FALSE=''
USE_LIBTOOL_TRUE='#'
VERSION='2.5.0'
ac_ct_CC=''
ac_ct_DUMPBIN=''
aext='a'
am__EXEEXT_FALSE=''
am__EXEEXT_TRUE='#'
am__fastdepCC_FALSE='#'
am__fastdepCC_TRUE=''
am__include='include'
am__isrc=' -I$(srcdir)'
am__leading_dot='.'
am__nodep='_no'
am__quote=''
am__tar='$${TAR-tar} chof - "$$tardir"'
am__untar='$${TAR-tar} xf -'
bindir='${exec_prefix}/bin'
build='x86_64-pc-linux-gnu'
build_alias='x86_64-pc-linux-gnu'
build_cpu='x86_64'
build_os='linux-gnu'
build_vendor='pc'
datadir='${datarootdir}'
datarootdir='${prefix}/share'
docdir='${datarootdir}/doc/${PACKAGE_TARNAME}'
dvidir='${docdir}'
exec_prefix='${prefix}'
host='arm-none-eabi'
host_alias='arm-none-eabi'
host_cpu='arm'
host_os='eabi'
host_vendor='none'
htmldir='${docdir}'
includedir='${prefix}/include'
infodir='${datarootdir}/info'
install_sh='${SHELL} /home/vkottler/Documents/newlib-cygwin/install-sh'
libc_cv_cc_loop_to_function='yes'
libc_cv_initfinit_array='yes'
libdir='${exec_prefix}/lib'
libexecdir='${exec_prefix}/libexec'
libm_machine_dir='arm'
localedir='${datarootdir}/locale'
localstatedir='${prefix}/var'
lpfx='lib_a-'
machine_dir='arm'
mandir='${datarootdir}/man'
mkdir_p='/bin/mkdir -p'
newlib_basedir='../../../.././newlib/.'
oext='o'
oldincludedir='/usr/include'
pdfdir='${docdir}'
prefix='/usr/local'
program_transform_name='s&^&arm-none-eabi-&'
psdir='${docdir}'
sbindir='${exec_prefix}/sbin'
sharedstatedir='${prefix}/com'
subdirs=' libc libm'
sys_dir='arm'
sysconfdir='${prefix}/etc'
target_alias='arm-none-eabi'

## ----------- ##
## confdefs.h. ##
## ----------- ##

/* confdefs.h */
#define PACKAGE_NAME "newlib"
#define PACKAGE_TARNAME "newlib"
#define PACKAGE_VERSION "2.5.0"
#define PACKAGE_STRING "newlib 2.5.0"
#define PACKAGE_BUGREPORT ""
#define PACKAGE_URL ""
#define _MB_LEN_MAX 1
#define _NEWLIB_VERSION "2.5.0"
#define __NEWLIB__ 2
#define __NEWLIB_MINOR__ 5
#define __NEWLIB_PATCHLEVEL__ 0
#define _ATEXIT_DYNAMIC_ALLOC 1
#define _FVWRITE_IN_STREAMIO 1
#define _FSEEK_OPTIMIZATION 1
#define _WIDE_ORIENT 1
#define _UNBUF_STREAM_OPT 1
#define HAVE_INITFINI_ARRAY 1
#define _HAVE_CC_INHIBIT_LOOP_TO_LIBCALL 1
#define _HAVE_LONG_DOUBLE 1
#define _LDBL_EQ_DBL 1

configure: exit 0
